{"timestamp":"2025-12-16T00:37:02.032875Z","level":"info","event":"DAG bundles loaded: dags-folder, example_dags","logger":"airflow.dag_processing.bundles.manager.DagBundlesManager","filename":"manager.py","lineno":179}
{"timestamp":"2025-12-16T00:37:02.033517Z","level":"info","event":"Filling up the DagBag from /opt/airflow/dags/olist_data_pipeline.py","logger":"airflow.models.dagbag.DagBag","filename":"dagbag.py","lineno":593}
{"timestamp":"2025-12-16T00:37:02.065262Z","level":"info","event":"Task instance is in running state","logger":"task.stdout"}
{"timestamp":"2025-12-16T00:37:02.065439Z","level":"info","event":" Previous state of the Task instance: TaskInstanceState.QUEUED","logger":"task.stdout"}
{"timestamp":"2025-12-16T00:37:02.065569Z","level":"info","event":"Current task name:dbt_deps","logger":"task.stdout"}
{"timestamp":"2025-12-16T00:37:02.065627Z","level":"info","event":"Dag name:olist_data_pipeline","logger":"task.stdout"}
{"timestamp":"2025-12-16T00:37:02.066218Z","level":"info","event":"Tmp dir root location: /tmp","logger":"airflow.task.hooks.airflow.providers.standard.hooks.subprocess.SubprocessHook","filename":"subprocess.py","lineno":78}
{"timestamp":"2025-12-16T00:37:02.067435Z","level":"info","event":"Running command: ['/usr/bin/bash', '-c', 'cd /opt/airflow/dbt && dbt deps --profiles-dir /opt/airflow/dbt']","logger":"airflow.task.hooks.airflow.providers.standard.hooks.subprocess.SubprocessHook","filename":"subprocess.py","lineno":80}
{"timestamp":"2025-12-16T00:37:02.068209Z","level":"info","event":"Output:","logger":"airflow.task.hooks.airflow.providers.standard.hooks.subprocess.SubprocessHook","filename":"subprocess.py","lineno":92}
{"timestamp":"2025-12-16T00:37:04.244817Z","level":"info","event":"\u001b[0m00:37:04  Running with dbt=1.9.1","logger":"airflow.task.hooks.airflow.providers.standard.hooks.subprocess.SubprocessHook","filename":"subprocess.py","lineno":99}
{"timestamp":"2025-12-16T00:37:04.632035Z","level":"info","event":"\u001b[0m00:37:04  Installing dbt-labs/dbt_utils","logger":"airflow.task.hooks.airflow.providers.standard.hooks.subprocess.SubprocessHook","filename":"subprocess.py","lineno":99}
{"timestamp":"2025-12-16T00:37:04.839928Z","level":"info","event":"\u001b[0m00:37:04  Installed from version 1.3.0","logger":"airflow.task.hooks.airflow.providers.standard.hooks.subprocess.SubprocessHook","filename":"subprocess.py","lineno":99}
{"timestamp":"2025-12-16T00:37:04.840326Z","level":"info","event":"\u001b[0m00:37:04  Updated version available: 1.3.3","logger":"airflow.task.hooks.airflow.providers.standard.hooks.subprocess.SubprocessHook","filename":"subprocess.py","lineno":99}
{"timestamp":"2025-12-16T00:37:04.841359Z","level":"info","event":"\u001b[0m00:37:04","logger":"airflow.task.hooks.airflow.providers.standard.hooks.subprocess.SubprocessHook","filename":"subprocess.py","lineno":99}
{"timestamp":"2025-12-16T00:37:04.841743Z","level":"info","event":"\u001b[0m00:37:04  Updates available for packages: ['dbt-labs/dbt_utils']","logger":"airflow.task.hooks.airflow.providers.standard.hooks.subprocess.SubprocessHook","filename":"subprocess.py","lineno":99}
{"timestamp":"2025-12-16T00:37:04.841824Z","level":"info","event":"Update your versions in packages.yml, then run dbt deps","logger":"airflow.task.hooks.airflow.providers.standard.hooks.subprocess.SubprocessHook","filename":"subprocess.py","lineno":99}
{"timestamp":"2025-12-16T00:37:05.343672Z","level":"info","event":"Command exited with return code 0","logger":"airflow.task.hooks.airflow.providers.standard.hooks.subprocess.SubprocessHook","filename":"subprocess.py","lineno":103}
{"timestamp":"2025-12-16T00:37:05.344345Z","level":"info","event":"Pushing xcom","ti":"RuntimeTaskInstance(id=UUID('019b2495-c745-7589-bcc7-a2af2c89bdee'), task_id='dbt_deps', dag_id='olist_data_pipeline', run_id='manual__2025-12-16T00:37:00+00:00', try_number=1, dag_version_id=UUID('019b246e-abf3-7b74-9142-6ad3b4be09c6'), map_index=-1, hostname='e7a7ce5041d2', context_carrier={}, task=<Task(BashOperator): dbt_deps>, bundle_instance=LocalDagBundle(name=dags-folder), max_tries=2, start_date=datetime.datetime(2025, 12, 16, 0, 37, 1, 680045, tzinfo=datetime.timezone.utc), end_date=None, state=<TaskInstanceState.RUNNING: 'running'>, is_mapped=False, rendered_map_index=None)","logger":"task","filename":"task_runner.py","lineno":1370}
{"timestamp":"2025-12-16T00:37:05.370968Z","level":"info","event":"Task instance in success state","logger":"task.stdout"}
{"timestamp":"2025-12-16T00:37:05.371126Z","level":"info","event":" Previous state of the Task instance: TaskInstanceState.RUNNING","logger":"task.stdout"}
{"timestamp":"2025-12-16T00:37:05.371255Z","level":"info","event":"Task operator:<Task(BashOperator): dbt_deps>","logger":"task.stdout"}
