{"timestamp":"2025-12-18T00:58:30.096121Z","level":"info","event":"DAG bundles loaded: dags-folder, example_dags","logger":"airflow.dag_processing.bundles.manager.DagBundlesManager","filename":"manager.py","lineno":179}
{"timestamp":"2025-12-18T00:58:30.096757Z","level":"info","event":"Filling up the DagBag from /opt/airflow/dags/olist_data_pipeline.py","logger":"airflow.models.dagbag.DagBag","filename":"dagbag.py","lineno":593}
{"timestamp":"2025-12-18T00:58:30.135301Z","level":"info","event":"Task instance is in running state","logger":"task.stdout"}
{"timestamp":"2025-12-18T00:58:30.135481Z","level":"info","event":" Previous state of the Task instance: TaskInstanceState.QUEUED","logger":"task.stdout"}
{"timestamp":"2025-12-18T00:58:30.135630Z","level":"info","event":"Current task name:dbt_deps","logger":"task.stdout"}
{"timestamp":"2025-12-18T00:58:30.135764Z","level":"info","event":"Dag name:olist_data_pipeline","logger":"task.stdout"}
{"timestamp":"2025-12-18T00:58:30.136254Z","level":"info","event":"Tmp dir root location: /tmp","logger":"airflow.task.hooks.airflow.providers.standard.hooks.subprocess.SubprocessHook","filename":"subprocess.py","lineno":78}
{"timestamp":"2025-12-18T00:58:30.137441Z","level":"info","event":"Running command: ['/usr/bin/bash', '-c', 'cd /opt/airflow/dbt && dbt deps --profiles-dir /opt/airflow/dbt']","logger":"airflow.task.hooks.airflow.providers.standard.hooks.subprocess.SubprocessHook","filename":"subprocess.py","lineno":80}
{"timestamp":"2025-12-18T00:58:30.138158Z","level":"info","event":"Output:","logger":"airflow.task.hooks.airflow.providers.standard.hooks.subprocess.SubprocessHook","filename":"subprocess.py","lineno":92}
{"timestamp":"2025-12-18T00:58:32.268674Z","level":"info","event":"\u001b[0m00:58:32  Running with dbt=1.9.1","logger":"airflow.task.hooks.airflow.providers.standard.hooks.subprocess.SubprocessHook","filename":"subprocess.py","lineno":99}
{"timestamp":"2025-12-18T00:58:32.668476Z","level":"info","event":"\u001b[0m00:58:32  Installing dbt-labs/dbt_utils","logger":"airflow.task.hooks.airflow.providers.standard.hooks.subprocess.SubprocessHook","filename":"subprocess.py","lineno":99}
{"timestamp":"2025-12-18T00:58:32.868978Z","level":"info","event":"\u001b[0m00:58:32  Installed from version 1.3.0","logger":"airflow.task.hooks.airflow.providers.standard.hooks.subprocess.SubprocessHook","filename":"subprocess.py","lineno":99}
{"timestamp":"2025-12-18T00:58:32.869402Z","level":"info","event":"\u001b[0m00:58:32  Updated version available: 1.3.3","logger":"airflow.task.hooks.airflow.providers.standard.hooks.subprocess.SubprocessHook","filename":"subprocess.py","lineno":99}
{"timestamp":"2025-12-18T00:58:32.870394Z","level":"info","event":"\u001b[0m00:58:32","logger":"airflow.task.hooks.airflow.providers.standard.hooks.subprocess.SubprocessHook","filename":"subprocess.py","lineno":99}
{"timestamp":"2025-12-18T00:58:32.870810Z","level":"info","event":"\u001b[0m00:58:32  Updates available for packages: ['dbt-labs/dbt_utils']","logger":"airflow.task.hooks.airflow.providers.standard.hooks.subprocess.SubprocessHook","filename":"subprocess.py","lineno":99}
{"timestamp":"2025-12-18T00:58:32.870903Z","level":"info","event":"Update your versions in packages.yml, then run dbt deps","logger":"airflow.task.hooks.airflow.providers.standard.hooks.subprocess.SubprocessHook","filename":"subprocess.py","lineno":99}
{"timestamp":"2025-12-18T00:58:33.267113Z","level":"info","event":"Command exited with return code 0","logger":"airflow.task.hooks.airflow.providers.standard.hooks.subprocess.SubprocessHook","filename":"subprocess.py","lineno":103}
{"timestamp":"2025-12-18T00:58:33.267824Z","level":"info","event":"Pushing xcom","ti":"RuntimeTaskInstance(id=UUID('019b2ef6-16b6-7032-a458-93e3617b0d1d'), task_id='dbt_deps', dag_id='olist_data_pipeline', run_id='manual__2025-12-18T00:58:24+00:00', try_number=1, dag_version_id=UUID('019b24bb-03ad-747b-b2de-db1e9d7a1132'), map_index=-1, hostname='94878978f23c', context_carrier={}, task=<Task(BashOperator): dbt_deps>, bundle_instance=LocalDagBundle(name=dags-folder), max_tries=2, start_date=datetime.datetime(2025, 12, 18, 0, 58, 29, 740351, tzinfo=datetime.timezone.utc), end_date=None, state=<TaskInstanceState.RUNNING: 'running'>, is_mapped=False, rendered_map_index=None)","logger":"task","filename":"task_runner.py","lineno":1370}
{"timestamp":"2025-12-18T00:58:33.296389Z","level":"info","event":"Task instance in success state","logger":"task.stdout"}
{"timestamp":"2025-12-18T00:58:33.296562Z","level":"info","event":" Previous state of the Task instance: TaskInstanceState.RUNNING","logger":"task.stdout"}
{"timestamp":"2025-12-18T00:58:33.296808Z","level":"info","event":"Task operator:<Task(BashOperator): dbt_deps>","logger":"task.stdout"}
