{"timestamp":"2025-12-18T01:18:15.090401Z","level":"info","event":"DAG bundles loaded: dags-folder, example_dags","logger":"airflow.dag_processing.bundles.manager.DagBundlesManager","filename":"manager.py","lineno":179}
{"timestamp":"2025-12-18T01:18:15.091030Z","level":"info","event":"Filling up the DagBag from /opt/airflow/dags/olist_data_pipeline.py","logger":"airflow.models.dagbag.DagBag","filename":"dagbag.py","lineno":593}
{"timestamp":"2025-12-18T01:18:15.119789Z","level":"info","event":"Task instance is in running state","logger":"task.stdout"}
{"timestamp":"2025-12-18T01:18:15.119935Z","level":"info","event":" Previous state of the Task instance: TaskInstanceState.QUEUED","logger":"task.stdout"}
{"timestamp":"2025-12-18T01:18:15.120033Z","level":"info","event":"Current task name:run_intermediate_models","logger":"task.stdout"}
{"timestamp":"2025-12-18T01:18:15.120088Z","level":"info","event":"Dag name:olist_data_pipeline","logger":"task.stdout"}
{"timestamp":"2025-12-18T01:18:15.120630Z","level":"info","event":"Tmp dir root location: /tmp","logger":"airflow.task.hooks.airflow.providers.standard.hooks.subprocess.SubprocessHook","filename":"subprocess.py","lineno":78}
{"timestamp":"2025-12-18T01:18:15.121710Z","level":"info","event":"Running command: ['/usr/bin/bash', '-c', 'cd /opt/airflow/dbt && dbt run --select intermediate --profiles-dir /opt/airflow/dbt']","logger":"airflow.task.hooks.airflow.providers.standard.hooks.subprocess.SubprocessHook","filename":"subprocess.py","lineno":80}
{"timestamp":"2025-12-18T01:18:15.122412Z","level":"info","event":"Output:","logger":"airflow.task.hooks.airflow.providers.standard.hooks.subprocess.SubprocessHook","filename":"subprocess.py","lineno":92}
{"timestamp":"2025-12-18T01:18:17.070710Z","level":"info","event":"\u001b[0m01:18:17  Running with dbt=1.9.1","logger":"airflow.task.hooks.airflow.providers.standard.hooks.subprocess.SubprocessHook","filename":"subprocess.py","lineno":99}
{"timestamp":"2025-12-18T01:18:19.380752Z","level":"info","event":"\u001b[0m01:18:19  Registered adapter: bigquery=1.9.1","logger":"airflow.task.hooks.airflow.providers.standard.hooks.subprocess.SubprocessHook","filename":"subprocess.py","lineno":99}
{"timestamp":"2025-12-18T01:18:19.956846Z","level":"info","event":"\u001b[0m01:18:19  Found 15 models, 79 data tests, 9 sources, 611 macros","logger":"airflow.task.hooks.airflow.providers.standard.hooks.subprocess.SubprocessHook","filename":"subprocess.py","lineno":99}
{"timestamp":"2025-12-18T01:18:19.960762Z","level":"info","event":"\u001b[0m01:18:19","logger":"airflow.task.hooks.airflow.providers.standard.hooks.subprocess.SubprocessHook","filename":"subprocess.py","lineno":99}
{"timestamp":"2025-12-18T01:18:19.961329Z","level":"info","event":"\u001b[0m01:18:19  Concurrency: 4 threads (target='dev')","logger":"airflow.task.hooks.airflow.providers.standard.hooks.subprocess.SubprocessHook","filename":"subprocess.py","lineno":99}
{"timestamp":"2025-12-18T01:18:19.961859Z","level":"info","event":"\u001b[0m01:18:19","logger":"airflow.task.hooks.airflow.providers.standard.hooks.subprocess.SubprocessHook","filename":"subprocess.py","lineno":99}
{"timestamp":"2025-12-18T01:18:20.894476Z","level":"info","event":"\u001b[0m01:18:20  1 of 3 START sql table model intermediate.int_order_enriched ................... [RUN]","logger":"airflow.task.hooks.airflow.providers.standard.hooks.subprocess.SubprocessHook","filename":"subprocess.py","lineno":99}
{"timestamp":"2025-12-18T01:18:20.895224Z","level":"info","event":"\u001b[0m01:18:20  2 of 3 START sql table model intermediate.int_payment_enriched ................. [RUN]","logger":"airflow.task.hooks.airflow.providers.standard.hooks.subprocess.SubprocessHook","filename":"subprocess.py","lineno":99}
{"timestamp":"2025-12-18T01:18:20.896039Z","level":"info","event":"\u001b[0m01:18:20  3 of 3 START sql table model intermediate.int_seller_location .................. [RUN]","logger":"airflow.task.hooks.airflow.providers.standard.hooks.subprocess.SubprocessHook","filename":"subprocess.py","lineno":99}
{"timestamp":"2025-12-18T01:18:21.424323Z","level":"info","event":"/home/airflow/.local/lib/python3.12/site-packages/dbt/adapters/bigquery/connections.py:570: FutureWarning: job_retry must be explicitly set to None if job_id is set.","logger":"airflow.task.hooks.airflow.providers.standard.hooks.subprocess.SubprocessHook","filename":"subprocess.py","lineno":99}
{"timestamp":"2025-12-18T01:18:21.424518Z","level":"info","event":"BigQuery cannot retry a failed job by using the exact","logger":"airflow.task.hooks.airflow.providers.standard.hooks.subprocess.SubprocessHook","filename":"subprocess.py","lineno":99}
{"timestamp":"2025-12-18T01:18:21.424572Z","level":"info","event":"same ID. Setting job_id without explicitly disabling","logger":"airflow.task.hooks.airflow.providers.standard.hooks.subprocess.SubprocessHook","filename":"subprocess.py","lineno":99}
{"timestamp":"2025-12-18T01:18:21.424613Z","level":"info","event":"job_retry will raise an error in the future. To avoid this","logger":"airflow.task.hooks.airflow.providers.standard.hooks.subprocess.SubprocessHook","filename":"subprocess.py","lineno":99}
{"timestamp":"2025-12-18T01:18:21.424653Z","level":"info","event":"warning, either use job_id_prefix instead (preferred) or","logger":"airflow.task.hooks.airflow.providers.standard.hooks.subprocess.SubprocessHook","filename":"subprocess.py","lineno":99}
{"timestamp":"2025-12-18T01:18:21.424689Z","level":"info","event":"set job_retry=None.","logger":"airflow.task.hooks.airflow.providers.standard.hooks.subprocess.SubprocessHook","filename":"subprocess.py","lineno":99}
{"timestamp":"2025-12-18T01:18:21.424722Z","level":"info","event":"  query_job = client.query(","logger":"airflow.task.hooks.airflow.providers.standard.hooks.subprocess.SubprocessHook","filename":"subprocess.py","lineno":99}
{"timestamp":"2025-12-18T01:18:23.878584Z","level":"info","event":"\u001b[0m01:18:23  3 of 3 OK created sql table model intermediate.int_seller_location ............. [\u001b[32mCREATE TABLE (435.1k rows, 23.5 MiB processed)\u001b[0m in 2.98s]","logger":"airflow.task.hooks.airflow.providers.standard.hooks.subprocess.SubprocessHook","filename":"subprocess.py","lineno":99}
{"timestamp":"2025-12-18T01:18:23.889681Z","level":"info","event":"\u001b[0m01:18:23  2 of 3 OK created sql table model intermediate.int_payment_enriched ............ [\u001b[32mCREATE TABLE (103.7k rows, 12.5 MiB processed)\u001b[0m in 2.99s]","logger":"airflow.task.hooks.airflow.providers.standard.hooks.subprocess.SubprocessHook","filename":"subprocess.py","lineno":99}
{"timestamp":"2025-12-18T01:18:27.029927Z","level":"info","event":"\u001b[0m01:18:27  1 of 3 OK created sql table model intermediate.int_order_enriched .............. [\u001b[32mCREATE TABLE (112.7k rows, 25.7 MiB processed)\u001b[0m in 6.13s]","logger":"airflow.task.hooks.airflow.providers.standard.hooks.subprocess.SubprocessHook","filename":"subprocess.py","lineno":99}
{"timestamp":"2025-12-18T01:18:27.074783Z","level":"info","event":"\u001b[0m01:18:27","logger":"airflow.task.hooks.airflow.providers.standard.hooks.subprocess.SubprocessHook","filename":"subprocess.py","lineno":99}
{"timestamp":"2025-12-18T01:18:27.075244Z","level":"info","event":"\u001b[0m01:18:27  Finished running 3 table models in 0 hours 0 minutes and 7.11 seconds (7.11s).","logger":"airflow.task.hooks.airflow.providers.standard.hooks.subprocess.SubprocessHook","filename":"subprocess.py","lineno":99}
{"timestamp":"2025-12-18T01:18:27.269035Z","level":"info","event":"\u001b[0m01:18:27","logger":"airflow.task.hooks.airflow.providers.standard.hooks.subprocess.SubprocessHook","filename":"subprocess.py","lineno":99}
{"timestamp":"2025-12-18T01:18:27.269532Z","level":"info","event":"\u001b[0m01:18:27  \u001b[32mCompleted successfully\u001b[0m","logger":"airflow.task.hooks.airflow.providers.standard.hooks.subprocess.SubprocessHook","filename":"subprocess.py","lineno":99}
{"timestamp":"2025-12-18T01:18:27.270106Z","level":"info","event":"\u001b[0m01:18:27","logger":"airflow.task.hooks.airflow.providers.standard.hooks.subprocess.SubprocessHook","filename":"subprocess.py","lineno":99}
{"timestamp":"2025-12-18T01:18:27.270793Z","level":"info","event":"\u001b[0m01:18:27  Done. PASS=3 WARN=0 ERROR=0 SKIP=0 TOTAL=3","logger":"airflow.task.hooks.airflow.providers.standard.hooks.subprocess.SubprocessHook","filename":"subprocess.py","lineno":99}
{"timestamp":"2025-12-18T01:18:28.010237Z","level":"info","event":"Command exited with return code 0","logger":"airflow.task.hooks.airflow.providers.standard.hooks.subprocess.SubprocessHook","filename":"subprocess.py","lineno":103}
{"timestamp":"2025-12-18T01:18:28.010903Z","level":"info","event":"Pushing xcom","ti":"RuntimeTaskInstance(id=UUID('019b2f07-636a-7835-9740-843f6006b874'), task_id='run_intermediate_models', dag_id='olist_data_pipeline', run_id='manual__2025-12-18T01:17:17+00:00', try_number=1, dag_version_id=UUID('019b24bb-03ad-747b-b2de-db1e9d7a1132'), map_index=-1, hostname='94878978f23c', context_carrier={}, task=<Task(BashOperator): run_intermediate_models>, bundle_instance=LocalDagBundle(name=dags-folder), max_tries=2, start_date=datetime.datetime(2025, 12, 18, 1, 18, 14, 724193, tzinfo=datetime.timezone.utc), end_date=None, state=<TaskInstanceState.RUNNING: 'running'>, is_mapped=False, rendered_map_index=None)","logger":"task","filename":"task_runner.py","lineno":1370}
{"timestamp":"2025-12-18T01:18:28.036348Z","level":"info","event":"Task instance in success state","logger":"task.stdout"}
{"timestamp":"2025-12-18T01:18:28.036524Z","level":"info","event":" Previous state of the Task instance: TaskInstanceState.RUNNING","logger":"task.stdout"}
{"timestamp":"2025-12-18T01:18:28.036695Z","level":"info","event":"Task operator:<Task(BashOperator): run_intermediate_models>","logger":"task.stdout"}
