{"timestamp":"2025-12-16T00:37:06.164918Z","level":"info","event":"DAG bundles loaded: dags-folder, example_dags","logger":"airflow.dag_processing.bundles.manager.DagBundlesManager","filename":"manager.py","lineno":179}
{"timestamp":"2025-12-16T00:37:06.165556Z","level":"info","event":"Filling up the DagBag from /opt/airflow/dags/olist_data_pipeline.py","logger":"airflow.models.dagbag.DagBag","filename":"dagbag.py","lineno":593}
{"timestamp":"2025-12-16T00:37:06.198151Z","level":"info","event":"Task instance is in running state","logger":"task.stdout"}
{"timestamp":"2025-12-16T00:37:06.198303Z","level":"info","event":" Previous state of the Task instance: TaskInstanceState.QUEUED","logger":"task.stdout"}
{"timestamp":"2025-12-16T00:37:06.198632Z","level":"info","event":"Current task name:run_staging_models","logger":"task.stdout"}
{"timestamp":"2025-12-16T00:37:06.198767Z","level":"info","event":"Dag name:olist_data_pipeline","logger":"task.stdout"}
{"timestamp":"2025-12-16T00:37:06.199408Z","level":"info","event":"Tmp dir root location: /tmp","logger":"airflow.task.hooks.airflow.providers.standard.hooks.subprocess.SubprocessHook","filename":"subprocess.py","lineno":78}
{"timestamp":"2025-12-16T00:37:06.200758Z","level":"info","event":"Running command: ['/usr/bin/bash', '-c', 'cd /opt/airflow/dbt && dbt run --select staging --vars \\'{\"batch_hours\": 1}\\' --profiles-dir /opt/airflow/dbt']","logger":"airflow.task.hooks.airflow.providers.standard.hooks.subprocess.SubprocessHook","filename":"subprocess.py","lineno":80}
{"timestamp":"2025-12-16T00:37:06.201577Z","level":"info","event":"Output:","logger":"airflow.task.hooks.airflow.providers.standard.hooks.subprocess.SubprocessHook","filename":"subprocess.py","lineno":92}
{"timestamp":"2025-12-16T00:37:08.293581Z","level":"info","event":"\u001b[0m00:37:08  Running with dbt=1.9.1","logger":"airflow.task.hooks.airflow.providers.standard.hooks.subprocess.SubprocessHook","filename":"subprocess.py","lineno":99}
{"timestamp":"2025-12-16T00:37:11.639705Z","level":"info","event":"\u001b[0m00:37:11  Registered adapter: bigquery=1.9.1","logger":"airflow.task.hooks.airflow.providers.standard.hooks.subprocess.SubprocessHook","filename":"subprocess.py","lineno":99}
{"timestamp":"2025-12-16T00:37:11.955722Z","level":"info","event":"\u001b[0m00:37:11  Unable to do partial parsing because config vars, config profile, or config target have changed","logger":"airflow.task.hooks.airflow.providers.standard.hooks.subprocess.SubprocessHook","filename":"subprocess.py","lineno":99}
{"timestamp":"2025-12-16T00:37:14.334825Z","level":"info","event":"\u001b[0m00:37:14  [\u001b[33mWARNING\u001b[0m]: Configuration paths exist in your dbt_project.yml file which do not apply to any resources.","logger":"airflow.task.hooks.airflow.providers.standard.hooks.subprocess.SubprocessHook","filename":"subprocess.py","lineno":99}
{"timestamp":"2025-12-16T00:37:14.335020Z","level":"info","event":"There are 3 unused configuration paths:","logger":"airflow.task.hooks.airflow.providers.standard.hooks.subprocess.SubprocessHook","filename":"subprocess.py","lineno":99}
{"timestamp":"2025-12-16T00:37:14.335109Z","level":"info","event":"- models.olist_data_pipeline.marts","logger":"airflow.task.hooks.airflow.providers.standard.hooks.subprocess.SubprocessHook","filename":"subprocess.py","lineno":99}
{"timestamp":"2025-12-16T00:37:14.335185Z","level":"info","event":"- seeds.olist_data_pipeline","logger":"airflow.task.hooks.airflow.providers.standard.hooks.subprocess.SubprocessHook","filename":"subprocess.py","lineno":99}
{"timestamp":"2025-12-16T00:37:14.335246Z","level":"info","event":"- snapshots.olist_data_pipeline","logger":"airflow.task.hooks.airflow.providers.standard.hooks.subprocess.SubprocessHook","filename":"subprocess.py","lineno":99}
{"timestamp":"2025-12-16T00:37:14.502024Z","level":"info","event":"\u001b[0m00:37:14  Found 12 models, 33 data tests, 9 sources, 611 macros","logger":"airflow.task.hooks.airflow.providers.standard.hooks.subprocess.SubprocessHook","filename":"subprocess.py","lineno":99}
{"timestamp":"2025-12-16T00:37:14.505679Z","level":"info","event":"\u001b[0m00:37:14","logger":"airflow.task.hooks.airflow.providers.standard.hooks.subprocess.SubprocessHook","filename":"subprocess.py","lineno":99}
{"timestamp":"2025-12-16T00:37:14.506110Z","level":"info","event":"\u001b[0m00:37:14  Concurrency: 4 threads (target='dev')","logger":"airflow.task.hooks.airflow.providers.standard.hooks.subprocess.SubprocessHook","filename":"subprocess.py","lineno":99}
{"timestamp":"2025-12-16T00:37:14.506519Z","level":"info","event":"\u001b[0m00:37:14","logger":"airflow.task.hooks.airflow.providers.standard.hooks.subprocess.SubprocessHook","filename":"subprocess.py","lineno":99}
{"timestamp":"2025-12-16T00:37:15.469867Z","level":"info","event":"\u001b[0m00:37:15  1 of 9 START sql table model staging.stg_customers ............................. [RUN]","logger":"airflow.task.hooks.airflow.providers.standard.hooks.subprocess.SubprocessHook","filename":"subprocess.py","lineno":99}
{"timestamp":"2025-12-16T00:37:15.472339Z","level":"info","event":"\u001b[0m00:37:15  2 of 9 START sql table model staging.stg_geolocation ........................... [RUN]","logger":"airflow.task.hooks.airflow.providers.standard.hooks.subprocess.SubprocessHook","filename":"subprocess.py","lineno":99}
{"timestamp":"2025-12-16T00:37:15.474865Z","level":"info","event":"\u001b[0m00:37:15  3 of 9 START sql table model staging.stg_order_items ........................... [RUN]","logger":"airflow.task.hooks.airflow.providers.standard.hooks.subprocess.SubprocessHook","filename":"subprocess.py","lineno":99}
{"timestamp":"2025-12-16T00:37:15.476822Z","level":"info","event":"\u001b[0m00:37:15  4 of 9 START sql table model staging.stg_order_payments ........................ [RUN]","logger":"airflow.task.hooks.airflow.providers.standard.hooks.subprocess.SubprocessHook","filename":"subprocess.py","lineno":99}
{"timestamp":"2025-12-16T00:37:16.199270Z","level":"info","event":"/home/airflow/.local/lib/python3.12/site-packages/dbt/adapters/bigquery/connections.py:570: FutureWarning: job_retry must be explicitly set to None if job_id is set.","logger":"airflow.task.hooks.airflow.providers.standard.hooks.subprocess.SubprocessHook","filename":"subprocess.py","lineno":99}
{"timestamp":"2025-12-16T00:37:16.199451Z","level":"info","event":"BigQuery cannot retry a failed job by using the exact","logger":"airflow.task.hooks.airflow.providers.standard.hooks.subprocess.SubprocessHook","filename":"subprocess.py","lineno":99}
{"timestamp":"2025-12-16T00:37:16.199579Z","level":"info","event":"same ID. Setting job_id without explicitly disabling","logger":"airflow.task.hooks.airflow.providers.standard.hooks.subprocess.SubprocessHook","filename":"subprocess.py","lineno":99}
{"timestamp":"2025-12-16T00:37:16.199650Z","level":"info","event":"job_retry will raise an error in the future. To avoid this","logger":"airflow.task.hooks.airflow.providers.standard.hooks.subprocess.SubprocessHook","filename":"subprocess.py","lineno":99}
{"timestamp":"2025-12-16T00:37:16.199722Z","level":"info","event":"warning, either use job_id_prefix instead (preferred) or","logger":"airflow.task.hooks.airflow.providers.standard.hooks.subprocess.SubprocessHook","filename":"subprocess.py","lineno":99}
{"timestamp":"2025-12-16T00:37:16.199812Z","level":"info","event":"set job_retry=None.","logger":"airflow.task.hooks.airflow.providers.standard.hooks.subprocess.SubprocessHook","filename":"subprocess.py","lineno":99}
{"timestamp":"2025-12-16T00:37:16.199881Z","level":"info","event":"  query_job = client.query(","logger":"airflow.task.hooks.airflow.providers.standard.hooks.subprocess.SubprocessHook","filename":"subprocess.py","lineno":99}
{"timestamp":"2025-12-16T00:37:18.689677Z","level":"info","event":"\u001b[0m00:37:18  4 of 9 OK created sql table model staging.stg_order_payments ................... [\u001b[32mCREATE TABLE (103.9k rows, 6.9 MiB processed)\u001b[0m in 3.21s]","logger":"airflow.task.hooks.airflow.providers.standard.hooks.subprocess.SubprocessHook","filename":"subprocess.py","lineno":99}
{"timestamp":"2025-12-16T00:37:18.692749Z","level":"info","event":"\u001b[0m00:37:18  5 of 9 START sql table model staging.stg_order_reviews ......................... [RUN]","logger":"airflow.task.hooks.airflow.providers.standard.hooks.subprocess.SubprocessHook","filename":"subprocess.py","lineno":99}
{"timestamp":"2025-12-16T00:37:18.910323Z","level":"info","event":"\u001b[0m00:37:18  1 of 9 OK created sql table model staging.stg_customers ........................ [\u001b[32mCREATE TABLE (99.4k rows, 8.8 MiB processed)\u001b[0m in 3.43s]","logger":"airflow.task.hooks.airflow.providers.standard.hooks.subprocess.SubprocessHook","filename":"subprocess.py","lineno":99}
{"timestamp":"2025-12-16T00:37:18.913526Z","level":"info","event":"\u001b[0m00:37:18  6 of 9 START sql incremental model staging.stg_orders .......................... [RUN]","logger":"airflow.task.hooks.airflow.providers.standard.hooks.subprocess.SubprocessHook","filename":"subprocess.py","lineno":99}
{"timestamp":"2025-12-16T00:37:18.980290Z","level":"info","event":"/home/airflow/.local/lib/python3.12/site-packages/dbt/adapters/bigquery/connections.py:570: FutureWarning: job_retry must be explicitly set to None if job_id is set.","logger":"airflow.task.hooks.airflow.providers.standard.hooks.subprocess.SubprocessHook","filename":"subprocess.py","lineno":99}
{"timestamp":"2025-12-16T00:37:18.980449Z","level":"info","event":"BigQuery cannot retry a failed job by using the exact","logger":"airflow.task.hooks.airflow.providers.standard.hooks.subprocess.SubprocessHook","filename":"subprocess.py","lineno":99}
{"timestamp":"2025-12-16T00:37:18.980514Z","level":"info","event":"same ID. Setting job_id without explicitly disabling","logger":"airflow.task.hooks.airflow.providers.standard.hooks.subprocess.SubprocessHook","filename":"subprocess.py","lineno":99}
{"timestamp":"2025-12-16T00:37:18.980557Z","level":"info","event":"job_retry will raise an error in the future. To avoid this","logger":"airflow.task.hooks.airflow.providers.standard.hooks.subprocess.SubprocessHook","filename":"subprocess.py","lineno":99}
{"timestamp":"2025-12-16T00:37:18.980594Z","level":"info","event":"warning, either use job_id_prefix instead (preferred) or","logger":"airflow.task.hooks.airflow.providers.standard.hooks.subprocess.SubprocessHook","filename":"subprocess.py","lineno":99}
{"timestamp":"2025-12-16T00:37:18.980627Z","level":"info","event":"set job_retry=None.","logger":"airflow.task.hooks.airflow.providers.standard.hooks.subprocess.SubprocessHook","filename":"subprocess.py","lineno":99}
{"timestamp":"2025-12-16T00:37:18.980661Z","level":"info","event":"  query_job = client.query(","logger":"airflow.task.hooks.airflow.providers.standard.hooks.subprocess.SubprocessHook","filename":"subprocess.py","lineno":99}
{"timestamp":"2025-12-16T00:37:19.519880Z","level":"info","event":"\u001b[0m00:37:19  3 of 9 OK created sql table model staging.stg_order_items ...................... [\u001b[32mCREATE TABLE (112.7k rows, 14.4 MiB processed)\u001b[0m in 4.04s]","logger":"airflow.task.hooks.airflow.providers.standard.hooks.subprocess.SubprocessHook","filename":"subprocess.py","lineno":99}
{"timestamp":"2025-12-16T00:37:19.522175Z","level":"info","event":"\u001b[0m00:37:19  7 of 9 START sql table model staging.stg_product_category_translation .......... [RUN]","logger":"airflow.task.hooks.airflow.providers.standard.hooks.subprocess.SubprocessHook","filename":"subprocess.py","lineno":99}
{"timestamp":"2025-12-16T00:37:19.863692Z","level":"info","event":"/home/airflow/.local/lib/python3.12/site-packages/dbt/adapters/bigquery/connections.py:570: FutureWarning: job_retry must be explicitly set to None if job_id is set.","logger":"airflow.task.hooks.airflow.providers.standard.hooks.subprocess.SubprocessHook","filename":"subprocess.py","lineno":99}
{"timestamp":"2025-12-16T00:37:19.863926Z","level":"info","event":"BigQuery cannot retry a failed job by using the exact","logger":"airflow.task.hooks.airflow.providers.standard.hooks.subprocess.SubprocessHook","filename":"subprocess.py","lineno":99}
{"timestamp":"2025-12-16T00:37:19.864028Z","level":"info","event":"same ID. Setting job_id without explicitly disabling","logger":"airflow.task.hooks.airflow.providers.standard.hooks.subprocess.SubprocessHook","filename":"subprocess.py","lineno":99}
{"timestamp":"2025-12-16T00:37:19.864101Z","level":"info","event":"job_retry will raise an error in the future. To avoid this","logger":"airflow.task.hooks.airflow.providers.standard.hooks.subprocess.SubprocessHook","filename":"subprocess.py","lineno":99}
{"timestamp":"2025-12-16T00:37:19.864170Z","level":"info","event":"warning, either use job_id_prefix instead (preferred) or","logger":"airflow.task.hooks.airflow.providers.standard.hooks.subprocess.SubprocessHook","filename":"subprocess.py","lineno":99}
{"timestamp":"2025-12-16T00:37:19.864236Z","level":"info","event":"set job_retry=None.","logger":"airflow.task.hooks.airflow.providers.standard.hooks.subprocess.SubprocessHook","filename":"subprocess.py","lineno":99}
{"timestamp":"2025-12-16T00:37:19.864301Z","level":"info","event":"  query_job = client.query(","logger":"airflow.task.hooks.airflow.providers.standard.hooks.subprocess.SubprocessHook","filename":"subprocess.py","lineno":99}
{"timestamp":"2025-12-16T00:37:20.330301Z","level":"info","event":"\u001b[0m00:37:20  2 of 9 OK created sql table model staging.stg_geolocation ...................... [\u001b[32mCREATE TABLE (1.0m rows, 38.7 MiB processed)\u001b[0m in 4.85s]","logger":"airflow.task.hooks.airflow.providers.standard.hooks.subprocess.SubprocessHook","filename":"subprocess.py","lineno":99}
{"timestamp":"2025-12-16T00:37:20.332963Z","level":"info","event":"\u001b[0m00:37:20  8 of 9 START sql table model staging.stg_products .............................. [RUN]","logger":"airflow.task.hooks.airflow.providers.standard.hooks.subprocess.SubprocessHook","filename":"subprocess.py","lineno":99}
{"timestamp":"2025-12-16T00:37:20.622128Z","level":"info","event":"/home/airflow/.local/lib/python3.12/site-packages/dbt/adapters/bigquery/connections.py:570: FutureWarning: job_retry must be explicitly set to None if job_id is set.","logger":"airflow.task.hooks.airflow.providers.standard.hooks.subprocess.SubprocessHook","filename":"subprocess.py","lineno":99}
{"timestamp":"2025-12-16T00:37:20.622291Z","level":"info","event":"BigQuery cannot retry a failed job by using the exact","logger":"airflow.task.hooks.airflow.providers.standard.hooks.subprocess.SubprocessHook","filename":"subprocess.py","lineno":99}
{"timestamp":"2025-12-16T00:37:20.622374Z","level":"info","event":"same ID. Setting job_id without explicitly disabling","logger":"airflow.task.hooks.airflow.providers.standard.hooks.subprocess.SubprocessHook","filename":"subprocess.py","lineno":99}
{"timestamp":"2025-12-16T00:37:20.622438Z","level":"info","event":"job_retry will raise an error in the future. To avoid this","logger":"airflow.task.hooks.airflow.providers.standard.hooks.subprocess.SubprocessHook","filename":"subprocess.py","lineno":99}
{"timestamp":"2025-12-16T00:37:20.622503Z","level":"info","event":"warning, either use job_id_prefix instead (preferred) or","logger":"airflow.task.hooks.airflow.providers.standard.hooks.subprocess.SubprocessHook","filename":"subprocess.py","lineno":99}
{"timestamp":"2025-12-16T00:37:20.622567Z","level":"info","event":"set job_retry=None.","logger":"airflow.task.hooks.airflow.providers.standard.hooks.subprocess.SubprocessHook","filename":"subprocess.py","lineno":99}
{"timestamp":"2025-12-16T00:37:20.622629Z","level":"info","event":"  query_job = client.query(","logger":"airflow.task.hooks.airflow.providers.standard.hooks.subprocess.SubprocessHook","filename":"subprocess.py","lineno":99}
{"timestamp":"2025-12-16T00:37:21.690622Z","level":"info","event":"\u001b[0m00:37:21  5 of 9 OK created sql table model staging.stg_order_reviews .................... [\u001b[32mCREATE TABLE (95.4k rows, 10.9 MiB processed)\u001b[0m in 2.99s]","logger":"airflow.task.hooks.airflow.providers.standard.hooks.subprocess.SubprocessHook","filename":"subprocess.py","lineno":99}
{"timestamp":"2025-12-16T00:37:21.693219Z","level":"info","event":"\u001b[0m00:37:21  9 of 9 START sql table model staging.stg_sellers ............................... [RUN]","logger":"airflow.task.hooks.airflow.providers.standard.hooks.subprocess.SubprocessHook","filename":"subprocess.py","lineno":99}
{"timestamp":"2025-12-16T00:37:21.964889Z","level":"info","event":"\u001b[0m00:37:21  7 of 9 OK created sql table model staging.stg_product_category_translation ..... [\u001b[32mCREATE TABLE (72.0 rows, 2.6 KiB processed)\u001b[0m in 2.44s]","logger":"airflow.task.hooks.airflow.providers.standard.hooks.subprocess.SubprocessHook","filename":"subprocess.py","lineno":99}
{"timestamp":"2025-12-16T00:37:21.967411Z","level":"info","event":"/home/airflow/.local/lib/python3.12/site-packages/dbt/adapters/bigquery/connections.py:570: FutureWarning: job_retry must be explicitly set to None if job_id is set.","logger":"airflow.task.hooks.airflow.providers.standard.hooks.subprocess.SubprocessHook","filename":"subprocess.py","lineno":99}
{"timestamp":"2025-12-16T00:37:21.967588Z","level":"info","event":"BigQuery cannot retry a failed job by using the exact","logger":"airflow.task.hooks.airflow.providers.standard.hooks.subprocess.SubprocessHook","filename":"subprocess.py","lineno":99}
{"timestamp":"2025-12-16T00:37:21.967665Z","level":"info","event":"same ID. Setting job_id without explicitly disabling","logger":"airflow.task.hooks.airflow.providers.standard.hooks.subprocess.SubprocessHook","filename":"subprocess.py","lineno":99}
{"timestamp":"2025-12-16T00:37:21.967736Z","level":"info","event":"job_retry will raise an error in the future. To avoid this","logger":"airflow.task.hooks.airflow.providers.standard.hooks.subprocess.SubprocessHook","filename":"subprocess.py","lineno":99}
{"timestamp":"2025-12-16T00:37:21.967822Z","level":"info","event":"warning, either use job_id_prefix instead (preferred) or","logger":"airflow.task.hooks.airflow.providers.standard.hooks.subprocess.SubprocessHook","filename":"subprocess.py","lineno":99}
{"timestamp":"2025-12-16T00:37:21.967895Z","level":"info","event":"set job_retry=None.","logger":"airflow.task.hooks.airflow.providers.standard.hooks.subprocess.SubprocessHook","filename":"subprocess.py","lineno":99}
{"timestamp":"2025-12-16T00:37:21.967962Z","level":"info","event":"  query_job = client.query(","logger":"airflow.task.hooks.airflow.providers.standard.hooks.subprocess.SubprocessHook","filename":"subprocess.py","lineno":99}
{"timestamp":"2025-12-16T00:37:22.669179Z","level":"info","event":"\u001b[0m00:37:22  8 of 9 OK created sql table model staging.stg_products ......................... [\u001b[32mCREATE TABLE (33.0k rows, 3.3 MiB processed)\u001b[0m in 2.33s]","logger":"airflow.task.hooks.airflow.providers.standard.hooks.subprocess.SubprocessHook","filename":"subprocess.py","lineno":99}
{"timestamp":"2025-12-16T00:37:24.348232Z","level":"info","event":"\u001b[0m00:37:24  6 of 9 OK created sql incremental model staging.stg_orders ..................... [\u001b[32mMERGE (0.0 rows, 12.0 MiB processed)\u001b[0m in 5.43s]","logger":"airflow.task.hooks.airflow.providers.standard.hooks.subprocess.SubprocessHook","filename":"subprocess.py","lineno":99}
{"timestamp":"2025-12-16T00:37:25.163616Z","level":"info","event":"\u001b[0m00:37:25  9 of 9 OK created sql table model staging.stg_sellers .......................... [\u001b[32mCREATE TABLE (3.1k rows, 175.8 KiB processed)\u001b[0m in 3.47s]","logger":"airflow.task.hooks.airflow.providers.standard.hooks.subprocess.SubprocessHook","filename":"subprocess.py","lineno":99}
{"timestamp":"2025-12-16T00:37:25.207946Z","level":"info","event":"\u001b[0m00:37:25","logger":"airflow.task.hooks.airflow.providers.standard.hooks.subprocess.SubprocessHook","filename":"subprocess.py","lineno":99}
{"timestamp":"2025-12-16T00:37:25.208359Z","level":"info","event":"\u001b[0m00:37:25  Finished running 1 incremental model, 8 table models in 0 hours 0 minutes and 10.70 seconds (10.70s).","logger":"airflow.task.hooks.airflow.providers.standard.hooks.subprocess.SubprocessHook","filename":"subprocess.py","lineno":99}
{"timestamp":"2025-12-16T00:37:25.262996Z","level":"info","event":"\u001b[0m00:37:25","logger":"airflow.task.hooks.airflow.providers.standard.hooks.subprocess.SubprocessHook","filename":"subprocess.py","lineno":99}
{"timestamp":"2025-12-16T00:37:25.263516Z","level":"info","event":"\u001b[0m00:37:25  \u001b[32mCompleted successfully\u001b[0m","logger":"airflow.task.hooks.airflow.providers.standard.hooks.subprocess.SubprocessHook","filename":"subprocess.py","lineno":99}
{"timestamp":"2025-12-16T00:37:25.263906Z","level":"info","event":"\u001b[0m00:37:25","logger":"airflow.task.hooks.airflow.providers.standard.hooks.subprocess.SubprocessHook","filename":"subprocess.py","lineno":99}
{"timestamp":"2025-12-16T00:37:25.264324Z","level":"info","event":"\u001b[0m00:37:25  Done. PASS=9 WARN=0 ERROR=0 SKIP=0 TOTAL=9","logger":"airflow.task.hooks.airflow.providers.standard.hooks.subprocess.SubprocessHook","filename":"subprocess.py","lineno":99}
{"timestamp":"2025-12-16T00:37:26.100257Z","level":"info","event":"Command exited with return code 0","logger":"airflow.task.hooks.airflow.providers.standard.hooks.subprocess.SubprocessHook","filename":"subprocess.py","lineno":103}
{"timestamp":"2025-12-16T00:37:26.100949Z","level":"info","event":"Pushing xcom","ti":"RuntimeTaskInstance(id=UUID('019b2495-c746-7034-be1d-ca9528014b1a'), task_id='run_staging_models', dag_id='olist_data_pipeline', run_id='manual__2025-12-16T00:37:00+00:00', try_number=1, dag_version_id=UUID('019b246e-abf3-7b74-9142-6ad3b4be09c6'), map_index=-1, hostname='e7a7ce5041d2', context_carrier={}, task=<Task(BashOperator): run_staging_models>, bundle_instance=LocalDagBundle(name=dags-folder), max_tries=2, start_date=datetime.datetime(2025, 12, 16, 0, 37, 5, 806461, tzinfo=datetime.timezone.utc), end_date=None, state=<TaskInstanceState.RUNNING: 'running'>, is_mapped=False, rendered_map_index=None)","logger":"task","filename":"task_runner.py","lineno":1370}
{"timestamp":"2025-12-16T00:37:26.130958Z","level":"info","event":"Task instance in success state","logger":"task.stdout"}
{"timestamp":"2025-12-16T00:37:26.131138Z","level":"info","event":" Previous state of the Task instance: TaskInstanceState.RUNNING","logger":"task.stdout"}
{"timestamp":"2025-12-16T00:37:26.131264Z","level":"info","event":"Task operator:<Task(BashOperator): run_staging_models>","logger":"task.stdout"}
