{"timestamp":"2025-12-16T01:19:45.102080Z","level":"info","event":"DAG bundles loaded: dags-folder, example_dags","logger":"airflow.dag_processing.bundles.manager.DagBundlesManager","filename":"manager.py","lineno":179}
{"timestamp":"2025-12-16T01:19:45.102728Z","level":"info","event":"Filling up the DagBag from /opt/airflow/dags/olist_data_pipeline.py","logger":"airflow.models.dagbag.DagBag","filename":"dagbag.py","lineno":593}
{"timestamp":"2025-12-16T01:19:45.134926Z","level":"info","event":"Task instance is in running state","logger":"task.stdout"}
{"timestamp":"2025-12-16T01:19:45.135073Z","level":"info","event":" Previous state of the Task instance: TaskInstanceState.QUEUED","logger":"task.stdout"}
{"timestamp":"2025-12-16T01:19:45.135221Z","level":"info","event":"Current task name:run_staging_models","logger":"task.stdout"}
{"timestamp":"2025-12-16T01:19:45.135303Z","level":"info","event":"Dag name:olist_data_pipeline","logger":"task.stdout"}
{"timestamp":"2025-12-16T01:19:45.135776Z","level":"info","event":"Tmp dir root location: /tmp","logger":"airflow.task.hooks.airflow.providers.standard.hooks.subprocess.SubprocessHook","filename":"subprocess.py","lineno":78}
{"timestamp":"2025-12-16T01:19:45.136943Z","level":"info","event":"Running command: ['/usr/bin/bash', '-c', 'cd /opt/airflow/dbt && dbt run --select staging --vars \\'{\"batch_hours\": 1}\\' --profiles-dir /opt/airflow/dbt']","logger":"airflow.task.hooks.airflow.providers.standard.hooks.subprocess.SubprocessHook","filename":"subprocess.py","lineno":80}
{"timestamp":"2025-12-16T01:19:45.137643Z","level":"info","event":"Output:","logger":"airflow.task.hooks.airflow.providers.standard.hooks.subprocess.SubprocessHook","filename":"subprocess.py","lineno":92}
{"timestamp":"2025-12-16T01:19:47.101800Z","level":"info","event":"\u001b[0m01:19:47  Running with dbt=1.9.1","logger":"airflow.task.hooks.airflow.providers.standard.hooks.subprocess.SubprocessHook","filename":"subprocess.py","lineno":99}
{"timestamp":"2025-12-16T01:19:50.329854Z","level":"info","event":"\u001b[0m01:19:50  Registered adapter: bigquery=1.9.1","logger":"airflow.task.hooks.airflow.providers.standard.hooks.subprocess.SubprocessHook","filename":"subprocess.py","lineno":99}
{"timestamp":"2025-12-16T01:19:50.646186Z","level":"info","event":"\u001b[0m01:19:50  Unable to do partial parsing because config vars, config profile, or config target have changed","logger":"airflow.task.hooks.airflow.providers.standard.hooks.subprocess.SubprocessHook","filename":"subprocess.py","lineno":99}
{"timestamp":"2025-12-16T01:19:53.217861Z","level":"info","event":"\u001b[0m01:19:53  Found 15 models, 82 data tests, 9 sources, 611 macros","logger":"airflow.task.hooks.airflow.providers.standard.hooks.subprocess.SubprocessHook","filename":"subprocess.py","lineno":99}
{"timestamp":"2025-12-16T01:19:53.221853Z","level":"info","event":"\u001b[0m01:19:53","logger":"airflow.task.hooks.airflow.providers.standard.hooks.subprocess.SubprocessHook","filename":"subprocess.py","lineno":99}
{"timestamp":"2025-12-16T01:19:53.222230Z","level":"info","event":"\u001b[0m01:19:53  Concurrency: 4 threads (target='dev')","logger":"airflow.task.hooks.airflow.providers.standard.hooks.subprocess.SubprocessHook","filename":"subprocess.py","lineno":99}
{"timestamp":"2025-12-16T01:19:53.222595Z","level":"info","event":"\u001b[0m01:19:53","logger":"airflow.task.hooks.airflow.providers.standard.hooks.subprocess.SubprocessHook","filename":"subprocess.py","lineno":99}
{"timestamp":"2025-12-16T01:19:54.209948Z","level":"info","event":"\u001b[0m01:19:54  1 of 9 START sql table model staging.stg_customers ............................. [RUN]","logger":"airflow.task.hooks.airflow.providers.standard.hooks.subprocess.SubprocessHook","filename":"subprocess.py","lineno":99}
{"timestamp":"2025-12-16T01:19:54.212325Z","level":"info","event":"\u001b[0m01:19:54  2 of 9 START sql table model staging.stg_geolocation ........................... [RUN]","logger":"airflow.task.hooks.airflow.providers.standard.hooks.subprocess.SubprocessHook","filename":"subprocess.py","lineno":99}
{"timestamp":"2025-12-16T01:19:54.213143Z","level":"info","event":"\u001b[0m01:19:54  3 of 9 START sql table model staging.stg_order_items ........................... [RUN]","logger":"airflow.task.hooks.airflow.providers.standard.hooks.subprocess.SubprocessHook","filename":"subprocess.py","lineno":99}
{"timestamp":"2025-12-16T01:19:54.214641Z","level":"info","event":"\u001b[0m01:19:54  4 of 9 START sql table model staging.stg_order_payments ........................ [RUN]","logger":"airflow.task.hooks.airflow.providers.standard.hooks.subprocess.SubprocessHook","filename":"subprocess.py","lineno":99}
{"timestamp":"2025-12-16T01:19:54.812282Z","level":"info","event":"/home/airflow/.local/lib/python3.12/site-packages/dbt/adapters/bigquery/connections.py:570: FutureWarning: job_retry must be explicitly set to None if job_id is set.","logger":"airflow.task.hooks.airflow.providers.standard.hooks.subprocess.SubprocessHook","filename":"subprocess.py","lineno":99}
{"timestamp":"2025-12-16T01:19:54.812470Z","level":"info","event":"BigQuery cannot retry a failed job by using the exact","logger":"airflow.task.hooks.airflow.providers.standard.hooks.subprocess.SubprocessHook","filename":"subprocess.py","lineno":99}
{"timestamp":"2025-12-16T01:19:54.812556Z","level":"info","event":"same ID. Setting job_id without explicitly disabling","logger":"airflow.task.hooks.airflow.providers.standard.hooks.subprocess.SubprocessHook","filename":"subprocess.py","lineno":99}
{"timestamp":"2025-12-16T01:19:54.812625Z","level":"info","event":"job_retry will raise an error in the future. To avoid this","logger":"airflow.task.hooks.airflow.providers.standard.hooks.subprocess.SubprocessHook","filename":"subprocess.py","lineno":99}
{"timestamp":"2025-12-16T01:19:54.812686Z","level":"info","event":"warning, either use job_id_prefix instead (preferred) or","logger":"airflow.task.hooks.airflow.providers.standard.hooks.subprocess.SubprocessHook","filename":"subprocess.py","lineno":99}
{"timestamp":"2025-12-16T01:19:54.812747Z","level":"info","event":"set job_retry=None.","logger":"airflow.task.hooks.airflow.providers.standard.hooks.subprocess.SubprocessHook","filename":"subprocess.py","lineno":99}
{"timestamp":"2025-12-16T01:19:54.812858Z","level":"info","event":"  query_job = client.query(","logger":"airflow.task.hooks.airflow.providers.standard.hooks.subprocess.SubprocessHook","filename":"subprocess.py","lineno":99}
{"timestamp":"2025-12-16T01:19:57.689346Z","level":"info","event":"\u001b[0m01:19:57  1 of 9 OK created sql table model staging.stg_customers ........................ [\u001b[32mCREATE TABLE (99.4k rows, 8.8 MiB processed)\u001b[0m in 3.47s]","logger":"airflow.task.hooks.airflow.providers.standard.hooks.subprocess.SubprocessHook","filename":"subprocess.py","lineno":99}
{"timestamp":"2025-12-16T01:19:57.691553Z","level":"info","event":"\u001b[0m01:19:57  5 of 9 START sql table model staging.stg_order_reviews ......................... [RUN]","logger":"airflow.task.hooks.airflow.providers.standard.hooks.subprocess.SubprocessHook","filename":"subprocess.py","lineno":99}
{"timestamp":"2025-12-16T01:19:57.937738Z","level":"info","event":"\u001b[0m01:19:57  2 of 9 OK created sql table model staging.stg_geolocation ...................... [\u001b[32mCREATE TABLE (1.0m rows, 38.7 MiB processed)\u001b[0m in 3.72s]","logger":"airflow.task.hooks.airflow.providers.standard.hooks.subprocess.SubprocessHook","filename":"subprocess.py","lineno":99}
{"timestamp":"2025-12-16T01:19:57.940130Z","level":"info","event":"\u001b[0m01:19:57  6 of 9 START sql incremental model staging.stg_orders .......................... [RUN]","logger":"airflow.task.hooks.airflow.providers.standard.hooks.subprocess.SubprocessHook","filename":"subprocess.py","lineno":99}
{"timestamp":"2025-12-16T01:19:57.998698Z","level":"info","event":"/home/airflow/.local/lib/python3.12/site-packages/dbt/adapters/bigquery/connections.py:570: FutureWarning: job_retry must be explicitly set to None if job_id is set.","logger":"airflow.task.hooks.airflow.providers.standard.hooks.subprocess.SubprocessHook","filename":"subprocess.py","lineno":99}
{"timestamp":"2025-12-16T01:19:57.998878Z","level":"info","event":"BigQuery cannot retry a failed job by using the exact","logger":"airflow.task.hooks.airflow.providers.standard.hooks.subprocess.SubprocessHook","filename":"subprocess.py","lineno":99}
{"timestamp":"2025-12-16T01:19:57.998932Z","level":"info","event":"same ID. Setting job_id without explicitly disabling","logger":"airflow.task.hooks.airflow.providers.standard.hooks.subprocess.SubprocessHook","filename":"subprocess.py","lineno":99}
{"timestamp":"2025-12-16T01:19:57.998975Z","level":"info","event":"job_retry will raise an error in the future. To avoid this","logger":"airflow.task.hooks.airflow.providers.standard.hooks.subprocess.SubprocessHook","filename":"subprocess.py","lineno":99}
{"timestamp":"2025-12-16T01:19:57.999024Z","level":"info","event":"warning, either use job_id_prefix instead (preferred) or","logger":"airflow.task.hooks.airflow.providers.standard.hooks.subprocess.SubprocessHook","filename":"subprocess.py","lineno":99}
{"timestamp":"2025-12-16T01:19:57.999061Z","level":"info","event":"set job_retry=None.","logger":"airflow.task.hooks.airflow.providers.standard.hooks.subprocess.SubprocessHook","filename":"subprocess.py","lineno":99}
{"timestamp":"2025-12-16T01:19:57.999099Z","level":"info","event":"  query_job = client.query(","logger":"airflow.task.hooks.airflow.providers.standard.hooks.subprocess.SubprocessHook","filename":"subprocess.py","lineno":99}
{"timestamp":"2025-12-16T01:19:58.009826Z","level":"info","event":"\u001b[0m01:19:58  3 of 9 OK created sql table model staging.stg_order_items ...................... [\u001b[32mCREATE TABLE (112.7k rows, 14.4 MiB processed)\u001b[0m in 3.79s]","logger":"airflow.task.hooks.airflow.providers.standard.hooks.subprocess.SubprocessHook","filename":"subprocess.py","lineno":99}
{"timestamp":"2025-12-16T01:19:58.012482Z","level":"info","event":"\u001b[0m01:19:58  7 of 9 START sql table model staging.stg_product_category_translation .......... [RUN]","logger":"airflow.task.hooks.airflow.providers.standard.hooks.subprocess.SubprocessHook","filename":"subprocess.py","lineno":99}
{"timestamp":"2025-12-16T01:19:58.072115Z","level":"info","event":"\u001b[0m01:19:58  4 of 9 OK created sql table model staging.stg_order_payments ................... [\u001b[32mCREATE TABLE (103.9k rows, 6.9 MiB processed)\u001b[0m in 3.85s]","logger":"airflow.task.hooks.airflow.providers.standard.hooks.subprocess.SubprocessHook","filename":"subprocess.py","lineno":99}
{"timestamp":"2025-12-16T01:19:58.074939Z","level":"info","event":"\u001b[0m01:19:58  8 of 9 START sql table model staging.stg_products .............................. [RUN]","logger":"airflow.task.hooks.airflow.providers.standard.hooks.subprocess.SubprocessHook","filename":"subprocess.py","lineno":99}
{"timestamp":"2025-12-16T01:19:58.980559Z","level":"info","event":"/home/airflow/.local/lib/python3.12/site-packages/dbt/adapters/bigquery/connections.py:570: FutureWarning: job_retry must be explicitly set to None if job_id is set.","logger":"airflow.task.hooks.airflow.providers.standard.hooks.subprocess.SubprocessHook","filename":"subprocess.py","lineno":99}
{"timestamp":"2025-12-16T01:19:58.980774Z","level":"info","event":"BigQuery cannot retry a failed job by using the exact","logger":"airflow.task.hooks.airflow.providers.standard.hooks.subprocess.SubprocessHook","filename":"subprocess.py","lineno":99}
{"timestamp":"2025-12-16T01:19:58.980895Z","level":"info","event":"same ID. Setting job_id without explicitly disabling","logger":"airflow.task.hooks.airflow.providers.standard.hooks.subprocess.SubprocessHook","filename":"subprocess.py","lineno":99}
{"timestamp":"2025-12-16T01:19:58.980970Z","level":"info","event":"job_retry will raise an error in the future. To avoid this","logger":"airflow.task.hooks.airflow.providers.standard.hooks.subprocess.SubprocessHook","filename":"subprocess.py","lineno":99}
{"timestamp":"2025-12-16T01:19:58.981034Z","level":"info","event":"warning, either use job_id_prefix instead (preferred) or","logger":"airflow.task.hooks.airflow.providers.standard.hooks.subprocess.SubprocessHook","filename":"subprocess.py","lineno":99}
{"timestamp":"2025-12-16T01:19:58.981097Z","level":"info","event":"set job_retry=None.","logger":"airflow.task.hooks.airflow.providers.standard.hooks.subprocess.SubprocessHook","filename":"subprocess.py","lineno":99}
{"timestamp":"2025-12-16T01:19:58.981159Z","level":"info","event":"  query_job = client.query(","logger":"airflow.task.hooks.airflow.providers.standard.hooks.subprocess.SubprocessHook","filename":"subprocess.py","lineno":99}
{"timestamp":"2025-12-16T01:20:00.310369Z","level":"info","event":"\u001b[0m01:20:00  7 of 9 OK created sql table model staging.stg_product_category_translation ..... [\u001b[32mCREATE TABLE (72.0 rows, 2.6 KiB processed)\u001b[0m in 2.30s]","logger":"airflow.task.hooks.airflow.providers.standard.hooks.subprocess.SubprocessHook","filename":"subprocess.py","lineno":99}
{"timestamp":"2025-12-16T01:20:00.312691Z","level":"info","event":"\u001b[0m01:20:00  9 of 9 START sql table model staging.stg_sellers ............................... [RUN]","logger":"airflow.task.hooks.airflow.providers.standard.hooks.subprocess.SubprocessHook","filename":"subprocess.py","lineno":99}
{"timestamp":"2025-12-16T01:20:00.607483Z","level":"info","event":"/home/airflow/.local/lib/python3.12/site-packages/dbt/adapters/bigquery/connections.py:570: FutureWarning: job_retry must be explicitly set to None if job_id is set.","logger":"airflow.task.hooks.airflow.providers.standard.hooks.subprocess.SubprocessHook","filename":"subprocess.py","lineno":99}
{"timestamp":"2025-12-16T01:20:00.607638Z","level":"info","event":"BigQuery cannot retry a failed job by using the exact","logger":"airflow.task.hooks.airflow.providers.standard.hooks.subprocess.SubprocessHook","filename":"subprocess.py","lineno":99}
{"timestamp":"2025-12-16T01:20:00.607686Z","level":"info","event":"same ID. Setting job_id without explicitly disabling","logger":"airflow.task.hooks.airflow.providers.standard.hooks.subprocess.SubprocessHook","filename":"subprocess.py","lineno":99}
{"timestamp":"2025-12-16T01:20:00.607724Z","level":"info","event":"job_retry will raise an error in the future. To avoid this","logger":"airflow.task.hooks.airflow.providers.standard.hooks.subprocess.SubprocessHook","filename":"subprocess.py","lineno":99}
{"timestamp":"2025-12-16T01:20:00.607760Z","level":"info","event":"warning, either use job_id_prefix instead (preferred) or","logger":"airflow.task.hooks.airflow.providers.standard.hooks.subprocess.SubprocessHook","filename":"subprocess.py","lineno":99}
{"timestamp":"2025-12-16T01:20:00.607807Z","level":"info","event":"set job_retry=None.","logger":"airflow.task.hooks.airflow.providers.standard.hooks.subprocess.SubprocessHook","filename":"subprocess.py","lineno":99}
{"timestamp":"2025-12-16T01:20:00.607845Z","level":"info","event":"  query_job = client.query(","logger":"airflow.task.hooks.airflow.providers.standard.hooks.subprocess.SubprocessHook","filename":"subprocess.py","lineno":99}
{"timestamp":"2025-12-16T01:20:01.267269Z","level":"info","event":"/home/airflow/.local/lib/python3.12/site-packages/dbt/adapters/bigquery/connections.py:570: FutureWarning: job_retry must be explicitly set to None if job_id is set.","logger":"airflow.task.hooks.airflow.providers.standard.hooks.subprocess.SubprocessHook","filename":"subprocess.py","lineno":99}
{"timestamp":"2025-12-16T01:20:01.267420Z","level":"info","event":"BigQuery cannot retry a failed job by using the exact","logger":"airflow.task.hooks.airflow.providers.standard.hooks.subprocess.SubprocessHook","filename":"subprocess.py","lineno":99}
{"timestamp":"2025-12-16T01:20:01.267468Z","level":"info","event":"same ID. Setting job_id without explicitly disabling","logger":"airflow.task.hooks.airflow.providers.standard.hooks.subprocess.SubprocessHook","filename":"subprocess.py","lineno":99}
{"timestamp":"2025-12-16T01:20:01.267506Z","level":"info","event":"job_retry will raise an error in the future. To avoid this","logger":"airflow.task.hooks.airflow.providers.standard.hooks.subprocess.SubprocessHook","filename":"subprocess.py","lineno":99}
{"timestamp":"2025-12-16T01:20:01.267541Z","level":"info","event":"warning, either use job_id_prefix instead (preferred) or","logger":"airflow.task.hooks.airflow.providers.standard.hooks.subprocess.SubprocessHook","filename":"subprocess.py","lineno":99}
{"timestamp":"2025-12-16T01:20:01.267575Z","level":"info","event":"set job_retry=None.","logger":"airflow.task.hooks.airflow.providers.standard.hooks.subprocess.SubprocessHook","filename":"subprocess.py","lineno":99}
{"timestamp":"2025-12-16T01:20:01.267606Z","level":"info","event":"  query_job = client.query(","logger":"airflow.task.hooks.airflow.providers.standard.hooks.subprocess.SubprocessHook","filename":"subprocess.py","lineno":99}
{"timestamp":"2025-12-16T01:20:01.452612Z","level":"info","event":"\u001b[0m01:20:01  8 of 9 OK created sql table model staging.stg_products ......................... [\u001b[32mCREATE TABLE (33.0k rows, 3.3 MiB processed)\u001b[0m in 3.38s]","logger":"airflow.task.hooks.airflow.providers.standard.hooks.subprocess.SubprocessHook","filename":"subprocess.py","lineno":99}
{"timestamp":"2025-12-16T01:20:02.589667Z","level":"info","event":"\u001b[0m01:20:02  9 of 9 OK created sql table model staging.stg_sellers .......................... [\u001b[32mCREATE TABLE (3.1k rows, 175.8 KiB processed)\u001b[0m in 2.27s]","logger":"airflow.task.hooks.airflow.providers.standard.hooks.subprocess.SubprocessHook","filename":"subprocess.py","lineno":99}
{"timestamp":"2025-12-16T01:20:02.823535Z","level":"info","event":"\u001b[0m01:20:02  5 of 9 OK created sql table model staging.stg_order_reviews .................... [\u001b[32mCREATE TABLE (95.4k rows, 10.9 MiB processed)\u001b[0m in 5.13s]","logger":"airflow.task.hooks.airflow.providers.standard.hooks.subprocess.SubprocessHook","filename":"subprocess.py","lineno":99}
{"timestamp":"2025-12-16T01:20:03.553161Z","level":"info","event":"\u001b[0m01:20:03  6 of 9 OK created sql incremental model staging.stg_orders ..................... [\u001b[32mMERGE (0.0 rows, 12.0 MiB processed)\u001b[0m in 5.61s]","logger":"airflow.task.hooks.airflow.providers.standard.hooks.subprocess.SubprocessHook","filename":"subprocess.py","lineno":99}
{"timestamp":"2025-12-16T01:20:03.597768Z","level":"info","event":"\u001b[0m01:20:03","logger":"airflow.task.hooks.airflow.providers.standard.hooks.subprocess.SubprocessHook","filename":"subprocess.py","lineno":99}
{"timestamp":"2025-12-16T01:20:03.598221Z","level":"info","event":"\u001b[0m01:20:03  Finished running 1 incremental model, 8 table models in 0 hours 0 minutes and 10.37 seconds (10.37s).","logger":"airflow.task.hooks.airflow.providers.standard.hooks.subprocess.SubprocessHook","filename":"subprocess.py","lineno":99}
{"timestamp":"2025-12-16T01:20:03.663237Z","level":"info","event":"\u001b[0m01:20:03","logger":"airflow.task.hooks.airflow.providers.standard.hooks.subprocess.SubprocessHook","filename":"subprocess.py","lineno":99}
{"timestamp":"2025-12-16T01:20:03.663718Z","level":"info","event":"\u001b[0m01:20:03  \u001b[32mCompleted successfully\u001b[0m","logger":"airflow.task.hooks.airflow.providers.standard.hooks.subprocess.SubprocessHook","filename":"subprocess.py","lineno":99}
{"timestamp":"2025-12-16T01:20:03.664166Z","level":"info","event":"\u001b[0m01:20:03","logger":"airflow.task.hooks.airflow.providers.standard.hooks.subprocess.SubprocessHook","filename":"subprocess.py","lineno":99}
{"timestamp":"2025-12-16T01:20:03.664606Z","level":"info","event":"\u001b[0m01:20:03  Done. PASS=9 WARN=0 ERROR=0 SKIP=0 TOTAL=9","logger":"airflow.task.hooks.airflow.providers.standard.hooks.subprocess.SubprocessHook","filename":"subprocess.py","lineno":99}
{"timestamp":"2025-12-16T01:20:04.546202Z","level":"info","event":"Command exited with return code 0","logger":"airflow.task.hooks.airflow.providers.standard.hooks.subprocess.SubprocessHook","filename":"subprocess.py","lineno":103}
{"timestamp":"2025-12-16T01:20:04.546971Z","level":"info","event":"Pushing xcom","ti":"RuntimeTaskInstance(id=UUID('019b24bc-c3d9-7814-9063-7a1d2f37b70d'), task_id='run_staging_models', dag_id='olist_data_pipeline', run_id='manual__2025-12-16T01:19:35+00:00', try_number=1, dag_version_id=UUID('019b24bb-03ad-747b-b2de-db1e9d7a1132'), map_index=-1, hostname='1334d5b99985', context_carrier={}, task=<Task(BashOperator): run_staging_models>, bundle_instance=LocalDagBundle(name=dags-folder), max_tries=2, start_date=datetime.datetime(2025, 12, 16, 1, 19, 44, 750901, tzinfo=datetime.timezone.utc), end_date=None, state=<TaskInstanceState.RUNNING: 'running'>, is_mapped=False, rendered_map_index=None)","logger":"task","filename":"task_runner.py","lineno":1370}
{"timestamp":"2025-12-16T01:20:04.579608Z","level":"info","event":"Task instance in success state","logger":"task.stdout"}
{"timestamp":"2025-12-16T01:20:04.579764Z","level":"info","event":" Previous state of the Task instance: TaskInstanceState.RUNNING","logger":"task.stdout"}
{"timestamp":"2025-12-16T01:20:04.580102Z","level":"info","event":"Task operator:<Task(BashOperator): run_staging_models>","logger":"task.stdout"}
