{"timestamp":"2025-12-16T19:00:06.003203Z","level":"info","event":"DAG bundles loaded: dags-folder, example_dags","logger":"airflow.dag_processing.bundles.manager.DagBundlesManager","filename":"manager.py","lineno":179}
{"timestamp":"2025-12-16T19:00:06.004070Z","level":"info","event":"Filling up the DagBag from /opt/airflow/dags/olist_data_pipeline.py","logger":"airflow.models.dagbag.DagBag","filename":"dagbag.py","lineno":593}
{"timestamp":"2025-12-16T19:00:06.063256Z","level":"info","event":"Task instance is in running state","logger":"task.stdout"}
{"timestamp":"2025-12-16T19:00:06.063422Z","level":"info","event":" Previous state of the Task instance: TaskInstanceState.QUEUED","logger":"task.stdout"}
{"timestamp":"2025-12-16T19:00:06.063608Z","level":"info","event":"Current task name:run_marts_models","logger":"task.stdout"}
{"timestamp":"2025-12-16T19:00:06.063679Z","level":"info","event":"Dag name:olist_data_pipeline","logger":"task.stdout"}
{"timestamp":"2025-12-16T19:00:06.064170Z","level":"info","event":"Tmp dir root location: /tmp","logger":"airflow.task.hooks.airflow.providers.standard.hooks.subprocess.SubprocessHook","filename":"subprocess.py","lineno":78}
{"timestamp":"2025-12-16T19:00:06.066701Z","level":"info","event":"Running command: ['/usr/bin/bash', '-c', 'cd /opt/airflow/dbt && dbt run --select marts --profiles-dir /opt/airflow/dbt']","logger":"airflow.task.hooks.airflow.providers.standard.hooks.subprocess.SubprocessHook","filename":"subprocess.py","lineno":80}
{"timestamp":"2025-12-16T19:00:06.067966Z","level":"info","event":"Output:","logger":"airflow.task.hooks.airflow.providers.standard.hooks.subprocess.SubprocessHook","filename":"subprocess.py","lineno":92}
{"timestamp":"2025-12-16T19:00:08.934957Z","level":"info","event":"\u001b[0m19:00:08  Running with dbt=1.9.1","logger":"airflow.task.hooks.airflow.providers.standard.hooks.subprocess.SubprocessHook","filename":"subprocess.py","lineno":99}
{"timestamp":"2025-12-16T19:00:11.949748Z","level":"info","event":"\u001b[0m19:00:11  Registered adapter: bigquery=1.9.1","logger":"airflow.task.hooks.airflow.providers.standard.hooks.subprocess.SubprocessHook","filename":"subprocess.py","lineno":99}
{"timestamp":"2025-12-16T19:00:12.731749Z","level":"info","event":"\u001b[0m19:00:12  Found 15 models, 79 data tests, 9 sources, 611 macros","logger":"airflow.task.hooks.airflow.providers.standard.hooks.subprocess.SubprocessHook","filename":"subprocess.py","lineno":99}
{"timestamp":"2025-12-16T19:00:12.735490Z","level":"info","event":"\u001b[0m19:00:12","logger":"airflow.task.hooks.airflow.providers.standard.hooks.subprocess.SubprocessHook","filename":"subprocess.py","lineno":99}
{"timestamp":"2025-12-16T19:00:12.735886Z","level":"info","event":"\u001b[0m19:00:12  Concurrency: 4 threads (target='dev')","logger":"airflow.task.hooks.airflow.providers.standard.hooks.subprocess.SubprocessHook","filename":"subprocess.py","lineno":99}
{"timestamp":"2025-12-16T19:00:12.736256Z","level":"info","event":"\u001b[0m19:00:12","logger":"airflow.task.hooks.airflow.providers.standard.hooks.subprocess.SubprocessHook","filename":"subprocess.py","lineno":99}
{"timestamp":"2025-12-16T19:00:13.728279Z","level":"info","event":"\u001b[0m19:00:13  1 of 3 START sql table model marts.commercial_mart ............................. [RUN]","logger":"airflow.task.hooks.airflow.providers.standard.hooks.subprocess.SubprocessHook","filename":"subprocess.py","lineno":99}
{"timestamp":"2025-12-16T19:00:13.729120Z","level":"info","event":"\u001b[0m19:00:13  2 of 3 START sql table model marts.financial_mart .............................. [RUN]","logger":"airflow.task.hooks.airflow.providers.standard.hooks.subprocess.SubprocessHook","filename":"subprocess.py","lineno":99}
{"timestamp":"2025-12-16T19:00:13.730083Z","level":"info","event":"\u001b[0m19:00:13  3 of 3 START sql table model marts.logistical_mart ............................. [RUN]","logger":"airflow.task.hooks.airflow.providers.standard.hooks.subprocess.SubprocessHook","filename":"subprocess.py","lineno":99}
{"timestamp":"2025-12-16T19:00:13.950645Z","level":"info","event":"/home/airflow/.local/lib/python3.12/site-packages/dbt/adapters/bigquery/connections.py:570: FutureWarning: job_retry must be explicitly set to None if job_id is set.","logger":"airflow.task.hooks.airflow.providers.standard.hooks.subprocess.SubprocessHook","filename":"subprocess.py","lineno":99}
{"timestamp":"2025-12-16T19:00:13.950812Z","level":"info","event":"BigQuery cannot retry a failed job by using the exact","logger":"airflow.task.hooks.airflow.providers.standard.hooks.subprocess.SubprocessHook","filename":"subprocess.py","lineno":99}
{"timestamp":"2025-12-16T19:00:13.950891Z","level":"info","event":"same ID. Setting job_id without explicitly disabling","logger":"airflow.task.hooks.airflow.providers.standard.hooks.subprocess.SubprocessHook","filename":"subprocess.py","lineno":99}
{"timestamp":"2025-12-16T19:00:13.950952Z","level":"info","event":"job_retry will raise an error in the future. To avoid this","logger":"airflow.task.hooks.airflow.providers.standard.hooks.subprocess.SubprocessHook","filename":"subprocess.py","lineno":99}
{"timestamp":"2025-12-16T19:00:13.951011Z","level":"info","event":"warning, either use job_id_prefix instead (preferred) or","logger":"airflow.task.hooks.airflow.providers.standard.hooks.subprocess.SubprocessHook","filename":"subprocess.py","lineno":99}
{"timestamp":"2025-12-16T19:00:13.951071Z","level":"info","event":"set job_retry=None.","logger":"airflow.task.hooks.airflow.providers.standard.hooks.subprocess.SubprocessHook","filename":"subprocess.py","lineno":99}
{"timestamp":"2025-12-16T19:00:13.951128Z","level":"info","event":"  query_job = client.query(","logger":"airflow.task.hooks.airflow.providers.standard.hooks.subprocess.SubprocessHook","filename":"subprocess.py","lineno":99}
{"timestamp":"2025-12-16T19:00:14.735180Z","level":"info","event":"\u001b[0m19:00:14  BigQuery adapter: https://console.cloud.google.com/bigquery?project=olist-data-pipeline&j=bq:US:9b4d2966-c4fd-4866-9b21-157e79bf9df1&page=queryresults","logger":"airflow.task.hooks.airflow.providers.standard.hooks.subprocess.SubprocessHook","filename":"subprocess.py","lineno":99}
{"timestamp":"2025-12-16T19:00:14.765375Z","level":"info","event":"\u001b[0m19:00:14  2 of 3 ERROR creating sql table model marts.financial_mart ..................... [\u001b[31mERROR\u001b[0m in 1.03s]","logger":"airflow.task.hooks.airflow.providers.standard.hooks.subprocess.SubprocessHook","filename":"subprocess.py","lineno":99}
{"timestamp":"2025-12-16T19:00:18.912138Z","level":"info","event":"\u001b[0m19:00:18  3 of 3 OK created sql table model marts.logistical_mart ........................ [\u001b[32mCREATE TABLE (112.6k rows, 23.1 MiB processed)\u001b[0m in 5.18s]","logger":"airflow.task.hooks.airflow.providers.standard.hooks.subprocess.SubprocessHook","filename":"subprocess.py","lineno":99}
{"timestamp":"2025-12-16T19:00:20.097617Z","level":"info","event":"\u001b[0m19:00:20  1 of 3 OK created sql table model marts.commercial_mart ........................ [\u001b[32mCREATE TABLE (112.6k rows, 22.9 MiB processed)\u001b[0m in 6.37s]","logger":"airflow.task.hooks.airflow.providers.standard.hooks.subprocess.SubprocessHook","filename":"subprocess.py","lineno":99}
{"timestamp":"2025-12-16T19:00:20.144030Z","level":"info","event":"\u001b[0m19:00:20","logger":"airflow.task.hooks.airflow.providers.standard.hooks.subprocess.SubprocessHook","filename":"subprocess.py","lineno":99}
{"timestamp":"2025-12-16T19:00:20.144455Z","level":"info","event":"\u001b[0m19:00:20  Finished running 3 table models in 0 hours 0 minutes and 7.41 seconds (7.41s).","logger":"airflow.task.hooks.airflow.providers.standard.hooks.subprocess.SubprocessHook","filename":"subprocess.py","lineno":99}
{"timestamp":"2025-12-16T19:00:20.331373Z","level":"info","event":"\u001b[0m19:00:20","logger":"airflow.task.hooks.airflow.providers.standard.hooks.subprocess.SubprocessHook","filename":"subprocess.py","lineno":99}
{"timestamp":"2025-12-16T19:00:20.331869Z","level":"info","event":"\u001b[0m19:00:20  \u001b[31mCompleted with 1 error, 0 partial successes, and 0 warnings:\u001b[0m","logger":"airflow.task.hooks.airflow.providers.standard.hooks.subprocess.SubprocessHook","filename":"subprocess.py","lineno":99}
{"timestamp":"2025-12-16T19:00:20.332273Z","level":"info","event":"\u001b[0m19:00:20","logger":"airflow.task.hooks.airflow.providers.standard.hooks.subprocess.SubprocessHook","filename":"subprocess.py","lineno":99}
{"timestamp":"2025-12-16T19:00:20.332765Z","level":"info","event":"\u001b[0m19:00:20    Database Error in model financial_mart (models/marts/financial_mart.sql)","logger":"airflow.task.hooks.airflow.providers.standard.hooks.subprocess.SubprocessHook","filename":"subprocess.py","lineno":99}
{"timestamp":"2025-12-16T19:00:20.332853Z","level":"info","event":"  Window ORDER BY expression references column order_approved_at which is neither grouped nor aggregated at [51:34]","logger":"airflow.task.hooks.airflow.providers.standard.hooks.subprocess.SubprocessHook","filename":"subprocess.py","lineno":99}
{"timestamp":"2025-12-16T19:00:20.332899Z","level":"info","event":"  compiled code at target/run/olist_data_pipeline/models/marts/financial_mart.sql","logger":"airflow.task.hooks.airflow.providers.standard.hooks.subprocess.SubprocessHook","filename":"subprocess.py","lineno":99}
{"timestamp":"2025-12-16T19:00:20.333169Z","level":"info","event":"\u001b[0m19:00:20","logger":"airflow.task.hooks.airflow.providers.standard.hooks.subprocess.SubprocessHook","filename":"subprocess.py","lineno":99}
{"timestamp":"2025-12-16T19:00:20.333669Z","level":"info","event":"\u001b[0m19:00:20  Done. PASS=2 WARN=0 ERROR=1 SKIP=0 TOTAL=3","logger":"airflow.task.hooks.airflow.providers.standard.hooks.subprocess.SubprocessHook","filename":"subprocess.py","lineno":99}
{"timestamp":"2025-12-16T19:00:21.124977Z","level":"info","event":"Command exited with return code 1","logger":"airflow.task.hooks.airflow.providers.standard.hooks.subprocess.SubprocessHook","filename":"subprocess.py","lineno":103}
{"timestamp":"2025-12-16T19:00:21.125524Z","level":"error","event":"Task failed with exception","logger":"task","filename":"task_runner.py","lineno":986,"error_detail":[{"exc_type":"AirflowException","exc_value":"Bash command failed. The command returned a non-zero exit code 1.","exc_notes":[],"syntax_error":null,"is_cause":false,"frames":[{"filename":"/home/airflow/.local/lib/python3.12/site-packages/airflow/sdk/execution_time/task_runner.py","lineno":934,"name":"run"},{"filename":"/home/airflow/.local/lib/python3.12/site-packages/airflow/sdk/execution_time/task_runner.py","lineno":1325,"name":"_execute_task"},{"filename":"/home/airflow/.local/lib/python3.12/site-packages/airflow/sdk/bases/operator.py","lineno":417,"name":"wrapper"},{"filename":"/home/airflow/.local/lib/python3.12/site-packages/airflow/providers/standard/operators/bash.py","lineno":224,"name":"execute"}],"is_group":false,"exceptions":[]}]}
{"timestamp":"2025-12-16T19:00:21.160949Z","level":"info","event":"Task instance in failure state","logger":"task.stdout"}
{"timestamp":"2025-12-16T19:00:21.161209Z","level":"info","event":"Task start","logger":"task.stdout"}
{"timestamp":"2025-12-16T19:00:21.161285Z","level":"info","event":"Task:<Task(BashOperator): run_marts_models>","logger":"task.stdout"}
{"timestamp":"2025-12-16T19:00:21.161368Z","level":"info","event":"Failure caused by Bash command failed. The command returned a non-zero exit code 1.","logger":"task.stdout"}
