[2025-12-13T18:17:32.016+0000] {local_task_job_runner.py:123} INFO - ::group::Pre task execution logs
[2025-12-13T18:17:32.024+0000] {taskinstance.py:2613} INFO - Dependencies all met for dep_context=non-requeueable deps ti=<TaskInstance: olist_data_pipeline.dbt_deps manual__2025-12-13T18:17:29.776108+00:00 [queued]>
[2025-12-13T18:17:32.030+0000] {taskinstance.py:2613} INFO - Dependencies all met for dep_context=requeueable deps ti=<TaskInstance: olist_data_pipeline.dbt_deps manual__2025-12-13T18:17:29.776108+00:00 [queued]>
[2025-12-13T18:17:32.030+0000] {taskinstance.py:2866} INFO - Starting attempt 1 of 3
[2025-12-13T18:17:32.043+0000] {taskinstance.py:2889} INFO - Executing <Task(BashOperator): dbt_deps> on 2025-12-13 18:17:29.776108+00:00
[2025-12-13T18:17:32.046+0000] {standard_task_runner.py:72} INFO - Started process 94266 to run task
[2025-12-13T18:17:32.049+0000] {standard_task_runner.py:104} INFO - Running: ['airflow', 'tasks', 'run', 'olist_data_pipeline', 'dbt_deps', 'manual__2025-12-13T18:17:29.776108+00:00', '--job-id', '16', '--raw', '--subdir', 'DAGS_FOLDER/olist_data_pipeline.py', '--cfg-path', '/tmp/tmpgoxblj6k']
[2025-12-13T18:17:32.051+0000] {standard_task_runner.py:105} INFO - Job 16: Subtask dbt_deps
[2025-12-13T18:17:32.070+0000] {logging_mixin.py:190} WARNING - /home/eduardomizumoto/.pyenv/versions/3.12.8/lib/python3.12/site-packages/airflow/settings.py:209 DeprecationWarning: The sql_alchemy_conn option in [core] has been moved to the sql_alchemy_conn option in [database] - the old setting has been used, but please update your config.
[2025-12-13T18:17:32.091+0000] {task_command.py:467} INFO - Running <TaskInstance: olist_data_pipeline.dbt_deps manual__2025-12-13T18:17:29.776108+00:00 [running]> on host olist-data-pipeline-2102.us-central1-a.c.olist-data-pipeline.internal
[2025-12-13T18:17:32.145+0000] {taskinstance.py:3132} INFO - Exporting env vars: AIRFLOW_CTX_DAG_OWNER='data-team' AIRFLOW_CTX_DAG_ID='olist_data_pipeline' AIRFLOW_CTX_TASK_ID='dbt_deps' AIRFLOW_CTX_EXECUTION_DATE='2025-12-13T18:17:29.776108+00:00' AIRFLOW_CTX_TRY_NUMBER='1' AIRFLOW_CTX_DAG_RUN_ID='manual__2025-12-13T18:17:29.776108+00:00'
[2025-12-13T18:17:32.146+0000] {taskinstance.py:731} INFO - ::endgroup::
[2025-12-13T18:17:32.161+0000] {subprocess.py:78} INFO - Tmp dir root location: /tmp
[2025-12-13T18:17:32.161+0000] {subprocess.py:88} INFO - Running command: ['./bin/bash', '-c', 'cd /home/eduardomizumoto/code/ce-mizu/olist-data-pipeline-2102/dbt && dbt deps --profiles-dir /home/eduardomizumoto/code/ce-mizu/olist-data-pipeline-2102/dbt']
[2025-12-13T18:17:32.168+0000] {taskinstance.py:3311} ERROR - Task failed with exception
Traceback (most recent call last):
  File "/home/eduardomizumoto/.pyenv/versions/3.12.8/lib/python3.12/site-packages/airflow/models/taskinstance.py", line 767, in _execute_task
    result = _execute_callable(context=context, **execute_callable_kwargs)
             ^^^^^^^^^^^^^^^^^^^^^^^^^^^^^^^^^^^^^^^^^^^^^^^^^^^^^^^^^^^^^
  File "/home/eduardomizumoto/.pyenv/versions/3.12.8/lib/python3.12/site-packages/airflow/models/taskinstance.py", line 733, in _execute_callable
    return ExecutionCallableRunner(
           ^^^^^^^^^^^^^^^^^^^^^^^^
  File "/home/eduardomizumoto/.pyenv/versions/3.12.8/lib/python3.12/site-packages/airflow/utils/operator_helpers.py", line 252, in run
    return self.func(*args, **kwargs)
           ^^^^^^^^^^^^^^^^^^^^^^^^^^
  File "/home/eduardomizumoto/.pyenv/versions/3.12.8/lib/python3.12/site-packages/airflow/models/baseoperator.py", line 422, in wrapper
    return func(self, *args, **kwargs)
           ^^^^^^^^^^^^^^^^^^^^^^^^^^^
  File "/home/eduardomizumoto/.pyenv/versions/3.12.8/lib/python3.12/site-packages/airflow/operators/bash.py", line 257, in execute
    result = self._run_inline_command(bash_path=bash_path, env=env)
             ^^^^^^^^^^^^^^^^^^^^^^^^^^^^^^^^^^^^^^^^^^^^^^^^^^^^^^
  File "/home/eduardomizumoto/.pyenv/versions/3.12.8/lib/python3.12/site-packages/airflow/operators/bash.py", line 284, in _run_inline_command
    return self.subprocess_hook.run_command(
           ^^^^^^^^^^^^^^^^^^^^^^^^^^^^^^^^^
  File "/home/eduardomizumoto/.pyenv/versions/3.12.8/lib/python3.12/site-packages/airflow/hooks/subprocess.py", line 90, in run_command
    self.sub_process = Popen(
                       ^^^^^^
  File "/home/eduardomizumoto/.pyenv/versions/3.12.8/lib/python3.12/subprocess.py", line 1026, in __init__
    self._execute_child(args, executable, preexec_fn, close_fds,
  File "/home/eduardomizumoto/.pyenv/versions/3.12.8/lib/python3.12/subprocess.py", line 1955, in _execute_child
    raise child_exception_type(errno_num, err_msg, err_filename)
FileNotFoundError: [Errno 2] No such file or directory: './bin/bash'
[2025-12-13T18:17:32.178+0000] {taskinstance.py:1225} INFO - Marking task as UP_FOR_RETRY. dag_id=olist_data_pipeline, task_id=dbt_deps, run_id=manual__2025-12-13T18:17:29.776108+00:00, execution_date=20251213T181729, start_date=20251213T181732, end_date=20251213T181732
[2025-12-13T18:17:32.190+0000] {taskinstance.py:340} INFO - ::group::Post task execution logs
[2025-12-13T18:17:32.191+0000] {standard_task_runner.py:124} ERROR - Failed to execute job 16 for task dbt_deps ([Errno 2] No such file or directory: './bin/bash'; 94266)
Traceback (most recent call last):
  File "/home/eduardomizumoto/.pyenv/versions/3.12.8/lib/python3.12/site-packages/airflow/task/task_runner/standard_task_runner.py", line 117, in _start_by_fork
    ret = args.func(args, dag=self.dag)
          ^^^^^^^^^^^^^^^^^^^^^^^^^^^^^
  File "/home/eduardomizumoto/.pyenv/versions/3.12.8/lib/python3.12/site-packages/airflow/cli/cli_config.py", line 49, in command
    return func(*args, **kwargs)
           ^^^^^^^^^^^^^^^^^^^^^
  File "/home/eduardomizumoto/.pyenv/versions/3.12.8/lib/python3.12/site-packages/airflow/utils/cli.py", line 116, in wrapper
    return f(*args, **kwargs)
           ^^^^^^^^^^^^^^^^^^
  File "/home/eduardomizumoto/.pyenv/versions/3.12.8/lib/python3.12/site-packages/airflow/cli/commands/task_command.py", line 483, in task_run
    task_return_code = _run_task_by_selected_method(args, _dag, ti)
                       ^^^^^^^^^^^^^^^^^^^^^^^^^^^^^^^^^^^^^^^^^^^^
  File "/home/eduardomizumoto/.pyenv/versions/3.12.8/lib/python3.12/site-packages/airflow/cli/commands/task_command.py", line 256, in _run_task_by_selected_method
    return _run_raw_task(args, ti)
           ^^^^^^^^^^^^^^^^^^^^^^^
  File "/home/eduardomizumoto/.pyenv/versions/3.12.8/lib/python3.12/site-packages/airflow/cli/commands/task_command.py", line 341, in _run_raw_task
    return ti._run_raw_task(
           ^^^^^^^^^^^^^^^^^
  File "/home/eduardomizumoto/.pyenv/versions/3.12.8/lib/python3.12/site-packages/airflow/utils/session.py", line 97, in wrapper
    return func(*args, session=session, **kwargs)
           ^^^^^^^^^^^^^^^^^^^^^^^^^^^^^^^^^^^^^^
  File "/home/eduardomizumoto/.pyenv/versions/3.12.8/lib/python3.12/site-packages/airflow/models/taskinstance.py", line 3005, in _run_raw_task
    return _run_raw_task(
           ^^^^^^^^^^^^^^
  File "/home/eduardomizumoto/.pyenv/versions/3.12.8/lib/python3.12/site-packages/airflow/models/taskinstance.py", line 273, in _run_raw_task
    TaskInstance._execute_task_with_callbacks(
  File "/home/eduardomizumoto/.pyenv/versions/3.12.8/lib/python3.12/site-packages/airflow/models/taskinstance.py", line 3159, in _execute_task_with_callbacks
    result = self._execute_task(context, task_orig)
             ^^^^^^^^^^^^^^^^^^^^^^^^^^^^^^^^^^^^^^
  File "/home/eduardomizumoto/.pyenv/versions/3.12.8/lib/python3.12/site-packages/airflow/models/taskinstance.py", line 3183, in _execute_task
    return _execute_task(self, context, task_orig)
           ^^^^^^^^^^^^^^^^^^^^^^^^^^^^^^^^^^^^^^^
  File "/home/eduardomizumoto/.pyenv/versions/3.12.8/lib/python3.12/site-packages/airflow/models/taskinstance.py", line 767, in _execute_task
    result = _execute_callable(context=context, **execute_callable_kwargs)
             ^^^^^^^^^^^^^^^^^^^^^^^^^^^^^^^^^^^^^^^^^^^^^^^^^^^^^^^^^^^^^
  File "/home/eduardomizumoto/.pyenv/versions/3.12.8/lib/python3.12/site-packages/airflow/models/taskinstance.py", line 733, in _execute_callable
    return ExecutionCallableRunner(
           ^^^^^^^^^^^^^^^^^^^^^^^^
  File "/home/eduardomizumoto/.pyenv/versions/3.12.8/lib/python3.12/site-packages/airflow/utils/operator_helpers.py", line 252, in run
    return self.func(*args, **kwargs)
           ^^^^^^^^^^^^^^^^^^^^^^^^^^
  File "/home/eduardomizumoto/.pyenv/versions/3.12.8/lib/python3.12/site-packages/airflow/models/baseoperator.py", line 422, in wrapper
    return func(self, *args, **kwargs)
           ^^^^^^^^^^^^^^^^^^^^^^^^^^^
  File "/home/eduardomizumoto/.pyenv/versions/3.12.8/lib/python3.12/site-packages/airflow/operators/bash.py", line 257, in execute
    result = self._run_inline_command(bash_path=bash_path, env=env)
             ^^^^^^^^^^^^^^^^^^^^^^^^^^^^^^^^^^^^^^^^^^^^^^^^^^^^^^
  File "/home/eduardomizumoto/.pyenv/versions/3.12.8/lib/python3.12/site-packages/airflow/operators/bash.py", line 284, in _run_inline_command
    return self.subprocess_hook.run_command(
           ^^^^^^^^^^^^^^^^^^^^^^^^^^^^^^^^^
  File "/home/eduardomizumoto/.pyenv/versions/3.12.8/lib/python3.12/site-packages/airflow/hooks/subprocess.py", line 90, in run_command
    self.sub_process = Popen(
                       ^^^^^^
  File "/home/eduardomizumoto/.pyenv/versions/3.12.8/lib/python3.12/subprocess.py", line 1026, in __init__
    self._execute_child(args, executable, preexec_fn, close_fds,
  File "/home/eduardomizumoto/.pyenv/versions/3.12.8/lib/python3.12/subprocess.py", line 1955, in _execute_child
    raise child_exception_type(errno_num, err_msg, err_filename)
FileNotFoundError: [Errno 2] No such file or directory: './bin/bash'
[2025-12-13T18:17:32.222+0000] {local_task_job_runner.py:266} INFO - Task exited with return code 1
[2025-12-13T18:17:32.237+0000] {taskinstance.py:3895} INFO - 0 downstream tasks scheduled from follow-on schedule check
[2025-12-13T18:17:32.238+0000] {local_task_job_runner.py:245} INFO - ::endgroup::
