{"timestamp":"2025-12-18T01:09:53.763191Z","level":"info","event":"DAG bundles loaded: dags-folder, example_dags","logger":"airflow.dag_processing.bundles.manager.DagBundlesManager","filename":"manager.py","lineno":179}
{"timestamp":"2025-12-18T01:09:53.763815Z","level":"info","event":"Filling up the DagBag from /opt/airflow/dags/olist_data_pipeline.py","logger":"airflow.models.dagbag.DagBag","filename":"dagbag.py","lineno":593}
{"timestamp":"2025-12-18T01:09:53.794684Z","level":"info","event":"Task instance is in running state","logger":"task.stdout"}
{"timestamp":"2025-12-18T01:09:53.794834Z","level":"info","event":" Previous state of the Task instance: TaskInstanceState.QUEUED","logger":"task.stdout"}
{"timestamp":"2025-12-18T01:09:53.795054Z","level":"info","event":"Current task name:dbt_deps","logger":"task.stdout"}
{"timestamp":"2025-12-18T01:09:53.795123Z","level":"info","event":"Dag name:olist_data_pipeline","logger":"task.stdout"}
{"timestamp":"2025-12-18T01:09:53.795855Z","level":"info","event":"Tmp dir root location: /tmp","logger":"airflow.task.hooks.airflow.providers.standard.hooks.subprocess.SubprocessHook","filename":"subprocess.py","lineno":78}
{"timestamp":"2025-12-18T01:09:53.797209Z","level":"info","event":"Running command: ['/usr/bin/bash', '-c', 'cd /opt/airflow/dbt && dbt deps --profiles-dir /opt/airflow/dbt']","logger":"airflow.task.hooks.airflow.providers.standard.hooks.subprocess.SubprocessHook","filename":"subprocess.py","lineno":80}
{"timestamp":"2025-12-18T01:09:53.798055Z","level":"info","event":"Output:","logger":"airflow.task.hooks.airflow.providers.standard.hooks.subprocess.SubprocessHook","filename":"subprocess.py","lineno":92}
{"timestamp":"2025-12-18T01:09:55.768208Z","level":"info","event":"\u001b[0m01:09:55  Running with dbt=1.9.1","logger":"airflow.task.hooks.airflow.providers.standard.hooks.subprocess.SubprocessHook","filename":"subprocess.py","lineno":99}
{"timestamp":"2025-12-18T01:09:56.157125Z","level":"info","event":"\u001b[0m01:09:56  Installing dbt-labs/dbt_utils","logger":"airflow.task.hooks.airflow.providers.standard.hooks.subprocess.SubprocessHook","filename":"subprocess.py","lineno":99}
{"timestamp":"2025-12-18T01:09:56.364403Z","level":"info","event":"\u001b[0m01:09:56  Installed from version 1.3.0","logger":"airflow.task.hooks.airflow.providers.standard.hooks.subprocess.SubprocessHook","filename":"subprocess.py","lineno":99}
{"timestamp":"2025-12-18T01:09:56.364841Z","level":"info","event":"\u001b[0m01:09:56  Updated version available: 1.3.3","logger":"airflow.task.hooks.airflow.providers.standard.hooks.subprocess.SubprocessHook","filename":"subprocess.py","lineno":99}
{"timestamp":"2025-12-18T01:09:56.365951Z","level":"info","event":"\u001b[0m01:09:56","logger":"airflow.task.hooks.airflow.providers.standard.hooks.subprocess.SubprocessHook","filename":"subprocess.py","lineno":99}
{"timestamp":"2025-12-18T01:09:56.366354Z","level":"info","event":"\u001b[0m01:09:56  Updates available for packages: ['dbt-labs/dbt_utils']","logger":"airflow.task.hooks.airflow.providers.standard.hooks.subprocess.SubprocessHook","filename":"subprocess.py","lineno":99}
{"timestamp":"2025-12-18T01:09:56.366446Z","level":"info","event":"Update your versions in packages.yml, then run dbt deps","logger":"airflow.task.hooks.airflow.providers.standard.hooks.subprocess.SubprocessHook","filename":"subprocess.py","lineno":99}
{"timestamp":"2025-12-18T01:09:56.826832Z","level":"info","event":"Command exited with return code 0","logger":"airflow.task.hooks.airflow.providers.standard.hooks.subprocess.SubprocessHook","filename":"subprocess.py","lineno":103}
{"timestamp":"2025-12-18T01:09:56.827553Z","level":"info","event":"Pushing xcom","ti":"RuntimeTaskInstance(id=UUID('019b2f00-9a68-7578-a6c4-fe6bf538acfb'), task_id='dbt_deps', dag_id='olist_data_pipeline', run_id='manual__2025-12-18T01:09:52+00:00', try_number=1, dag_version_id=UUID('019b24bb-03ad-747b-b2de-db1e9d7a1132'), map_index=-1, hostname='94878978f23c', context_carrier={}, task=<Task(BashOperator): dbt_deps>, bundle_instance=LocalDagBundle(name=dags-folder), max_tries=2, start_date=datetime.datetime(2025, 12, 18, 1, 9, 53, 418213, tzinfo=datetime.timezone.utc), end_date=None, state=<TaskInstanceState.RUNNING: 'running'>, is_mapped=False, rendered_map_index=None)","logger":"task","filename":"task_runner.py","lineno":1370}
{"timestamp":"2025-12-18T01:09:56.854138Z","level":"info","event":"Task instance in success state","logger":"task.stdout"}
{"timestamp":"2025-12-18T01:09:56.854284Z","level":"info","event":" Previous state of the Task instance: TaskInstanceState.RUNNING","logger":"task.stdout"}
{"timestamp":"2025-12-18T01:09:56.854493Z","level":"info","event":"Task operator:<Task(BashOperator): dbt_deps>","logger":"task.stdout"}
