[1;33m/home/eduardomizumoto/.pyenv/versions/3.12.8/lib/python3.12/site-packages/airflow/jobs/[0m[1;33mscheduler_job_runner.py[0m[1;33m:[0m[1;33m249[0m[1;33m DeprecationWarning[0m[33m: The sql_alchemy_conn option in [0m[1;33m[[0m[33mcore[0m[1;33m][0m[33m has been moved to the sql_alchemy_conn option in [0m[1;33m[[0m[33mdatabase[0m[1;33m][0m[33m - the old setting has been used, but please update your config.[0m
[1;33m/home/eduardomizumoto/.pyenv/versions/3.12.8/lib/python3.12/site-packages/airflow/utils/[0m[1;33mserve_logs.py[0m[1;33m:[0m[1;33m49[0m[1;33m DeprecationWarning[0m[33m: The base_log_folder option in [0m[1;33m[[0m[33mcore[0m[1;33m][0m[33m has been moved to the base_log_folder option in [0m[1;33m[[0m[33mlogging[0m[1;33m][0m[33m - the old setting has been used, but please update your config.[0m
[2025-12-13 17:31:39 +0000] [72759] [INFO] Starting gunicorn 23.0.0
[2025-12-13 17:31:39 +0000] [72759] [INFO] Listening at: http://[::]:8793 (72759)
[2025-12-13 17:31:39 +0000] [72759] [INFO] Using worker: sync
[2025-12-13 17:31:39 +0000] [72788] [INFO] Booting worker with pid: 72788
[1;33m/home/eduardomizumoto/.pyenv/versions/3.12.8/lib/python3.12/site-packages/airflow/config_templates/[0m[1;33mairflow_local_settings.py[0m[1;33m:[0m[1;33m52[0m[1;33m DeprecationWarning[0m[33m: The base_log_folder option in [0m[1;33m[[0m[33mcore[0m[1;33m][0m[33m has been moved to the base_log_folder option in [0m[1;33m[[0m[33mlogging[0m[1;33m][0m[33m - the old setting has been used, but please update your config.[0m
/home/eduardomizumoto/.pyenv/versions/3.12.8/lib/python3.12/site-packages/airflow/settings.py:209 DeprecationWarning: The sql_alchemy_conn option in [core] has been moved to the sql_alchemy_conn option in [database] - the old setting has been used, but please update your config.
/home/eduardomizumoto/.pyenv/versions/3.12.8/lib/python3.12/site-packages/airflow/settings.py:470 DeprecationWarning: The sql_alchemy_conn option in [core] has been moved to the sql_alchemy_conn option in [database] - the old setting has been used, but please update your config.
/home/eduardomizumoto/.pyenv/versions/3.12.8/lib/python3.12/site-packages/airflow/configuration.py:860 DeprecationWarning: The sql_alchemy_conn option in [core] has been moved to the sql_alchemy_conn option in [database] - the old setting has been used, but please update your config.
/home/eduardomizumoto/.pyenv/versions/3.12.8/lib/python3.12/site-packages/airflow/dag_processing/manager.py:403 DeprecationWarning: The sql_alchemy_conn option in [core] has been moved to the sql_alchemy_conn option in [database] - the old setting has been used, but please update your config.
[2025-12-13 17:31:39 +0000] [72806] [INFO] Booting worker with pid: 72806
/home/eduardomizumoto/.pyenv/versions/3.12.8/lib/python3.12/site-packages/airflow/configuration.py:2068: DeprecationWarning: Specifying both AIRFLOW_HOME environment variable and airflow_home in the config file is deprecated. Please use only the AIRFLOW_HOME environment variable and remove the config file entry.
  warnings.warn(msg, category=DeprecationWarning, stacklevel=1)
/home/eduardomizumoto/.pyenv/versions/3.12.8/lib/python3.12/site-packages/airflow/configuration.py:819 DeprecationWarning: The sql_alchemy_conn option in [core] has been moved to the sql_alchemy_conn option in [database] - the old setting has been used, but please update your config.
/home/eduardomizumoto/.pyenv/versions/3.12.8/lib/python3.12/site-packages/airflow/configuration.py:742 DeprecationWarning: The sql_alchemy_conn option in [core] has been moved to the sql_alchemy_conn option in [database] - the old setting has been used, but please update your config.
/home/eduardomizumoto/.pyenv/versions/3.12.8/lib/python3.12/site-packages/airflow/settings.py:209 DeprecationWarning: The sql_alchemy_conn option in [core] has been moved to the sql_alchemy_conn option in [database] - the old setting has been used, but please update your config.
/home/eduardomizumoto/.pyenv/versions/3.12.8/lib/python3.12/site-packages/airflow/config_templates/airflow_local_settings.py:52 DeprecationWarning: The base_log_folder option in [core] has been moved to the base_log_folder option in [logging] - the old setting has been used, but please update your config.
/home/eduardomizumoto/.pyenv/versions/3.12.8/lib/python3.12/site-packages/airflow/models/base.py:75 DeprecationWarning: The sql_alchemy_conn option in [core] has been moved to the sql_alchemy_conn option in [database] - the old setting has been used, but please update your config.
/home/eduardomizumoto/.pyenv/versions/3.12.8/lib/python3.12/site-packages/airflow/settings.py:470 DeprecationWarning: The sql_alchemy_conn option in [core] has been moved to the sql_alchemy_conn option in [database] - the old setting has been used, but please update your config.
/home/eduardomizumoto/.pyenv/versions/3.12.8/lib/python3.12/site-packages/airflow/configuration.py:860 DeprecationWarning: The sql_alchemy_conn option in [core] has been moved to the sql_alchemy_conn option in [database] - the old setting has been used, but please update your config.
/home/eduardomizumoto/.pyenv/versions/3.12.8/lib/python3.12/site-packages/airflow/models/dag.py:541 DeprecationWarning: The dag_concurrency option in [core] has been renamed to max_active_tasks_per_dag - the old setting has been used, but please update your config.
/home/eduardomizumoto/.pyenv/versions/3.12.8/lib/python3.12/site-packages/airflow/models/dag.py:4211 DeprecationWarning: The dag_concurrency option in [core] has been renamed to max_active_tasks_per_dag - the old setting has been used, but please update your config.
/home/eduardomizumoto/.pyenv/versions/3.12.8/lib/python3.12/site-packages/airflow/settings.py:470 DeprecationWarning: The sql_alchemy_conn option in [core] has been moved to the sql_alchemy_conn option in [database] - the old setting has been used, but please update your config.
/home/eduardomizumoto/.pyenv/versions/3.12.8/lib/python3.12/site-packages/airflow/configuration.py:2068: DeprecationWarning: Specifying both AIRFLOW_HOME environment variable and airflow_home in the config file is deprecated. Please use only the AIRFLOW_HOME environment variable and remove the config file entry.
  warnings.warn(msg, category=DeprecationWarning, stacklevel=1)
/home/eduardomizumoto/.pyenv/versions/3.12.8/lib/python3.12/site-packages/airflow/configuration.py:819 DeprecationWarning: The sql_alchemy_conn option in [core] has been moved to the sql_alchemy_conn option in [database] - the old setting has been used, but please update your config.
/home/eduardomizumoto/.pyenv/versions/3.12.8/lib/python3.12/site-packages/airflow/configuration.py:742 DeprecationWarning: The sql_alchemy_conn option in [core] has been moved to the sql_alchemy_conn option in [database] - the old setting has been used, but please update your config.
/home/eduardomizumoto/.pyenv/versions/3.12.8/lib/python3.12/site-packages/airflow/settings.py:209 DeprecationWarning: The sql_alchemy_conn option in [core] has been moved to the sql_alchemy_conn option in [database] - the old setting has been used, but please update your config.
/home/eduardomizumoto/.pyenv/versions/3.12.8/lib/python3.12/site-packages/airflow/config_templates/airflow_local_settings.py:52 DeprecationWarning: The base_log_folder option in [core] has been moved to the base_log_folder option in [logging] - the old setting has been used, but please update your config.
/home/eduardomizumoto/.pyenv/versions/3.12.8/lib/python3.12/site-packages/airflow/models/base.py:75 DeprecationWarning: The sql_alchemy_conn option in [core] has been moved to the sql_alchemy_conn option in [database] - the old setting has been used, but please update your config.
/home/eduardomizumoto/.pyenv/versions/3.12.8/lib/python3.12/site-packages/airflow/settings.py:470 DeprecationWarning: The sql_alchemy_conn option in [core] has been moved to the sql_alchemy_conn option in [database] - the old setting has been used, but please update your config.
/home/eduardomizumoto/.pyenv/versions/3.12.8/lib/python3.12/site-packages/airflow/configuration.py:860 DeprecationWarning: The sql_alchemy_conn option in [core] has been moved to the sql_alchemy_conn option in [database] - the old setting has been used, but please update your config.
/home/eduardomizumoto/.pyenv/versions/3.12.8/lib/python3.12/site-packages/airflow/models/dag.py:541 DeprecationWarning: The dag_concurrency option in [core] has been renamed to max_active_tasks_per_dag - the old setting has been used, but please update your config.
/home/eduardomizumoto/.pyenv/versions/3.12.8/lib/python3.12/site-packages/airflow/models/dag.py:4211 DeprecationWarning: The dag_concurrency option in [core] has been renamed to max_active_tasks_per_dag - the old setting has been used, but please update your config.
/home/eduardomizumoto/.pyenv/versions/3.12.8/lib/python3.12/site-packages/airflow/settings.py:470 DeprecationWarning: The sql_alchemy_conn option in [core] has been moved to the sql_alchemy_conn option in [database] - the old setting has been used, but please update your config.
/home/eduardomizumoto/.pyenv/versions/3.12.8/lib/python3.12/site-packages/airflow/configuration.py:2068: DeprecationWarning: Specifying both AIRFLOW_HOME environment variable and airflow_home in the config file is deprecated. Please use only the AIRFLOW_HOME environment variable and remove the config file entry.
  warnings.warn(msg, category=DeprecationWarning, stacklevel=1)
/home/eduardomizumoto/.pyenv/versions/3.12.8/lib/python3.12/site-packages/airflow/configuration.py:819 DeprecationWarning: The sql_alchemy_conn option in [core] has been moved to the sql_alchemy_conn option in [database] - the old setting has been used, but please update your config.
/home/eduardomizumoto/.pyenv/versions/3.12.8/lib/python3.12/site-packages/airflow/configuration.py:742 DeprecationWarning: The sql_alchemy_conn option in [core] has been moved to the sql_alchemy_conn option in [database] - the old setting has been used, but please update your config.
/home/eduardomizumoto/.pyenv/versions/3.12.8/lib/python3.12/site-packages/airflow/settings.py:209 DeprecationWarning: The sql_alchemy_conn option in [core] has been moved to the sql_alchemy_conn option in [database] - the old setting has been used, but please update your config.
/home/eduardomizumoto/.pyenv/versions/3.12.8/lib/python3.12/site-packages/airflow/config_templates/airflow_local_settings.py:52 DeprecationWarning: The base_log_folder option in [core] has been moved to the base_log_folder option in [logging] - the old setting has been used, but please update your config.
/home/eduardomizumoto/.pyenv/versions/3.12.8/lib/python3.12/site-packages/airflow/models/base.py:75 DeprecationWarning: The sql_alchemy_conn option in [core] has been moved to the sql_alchemy_conn option in [database] - the old setting has been used, but please update your config.
/home/eduardomizumoto/.pyenv/versions/3.12.8/lib/python3.12/site-packages/airflow/settings.py:470 DeprecationWarning: The sql_alchemy_conn option in [core] has been moved to the sql_alchemy_conn option in [database] - the old setting has been used, but please update your config.
/home/eduardomizumoto/.pyenv/versions/3.12.8/lib/python3.12/site-packages/airflow/configuration.py:860 DeprecationWarning: The sql_alchemy_conn option in [core] has been moved to the sql_alchemy_conn option in [database] - the old setting has been used, but please update your config.
/home/eduardomizumoto/.pyenv/versions/3.12.8/lib/python3.12/site-packages/airflow/models/dag.py:541 DeprecationWarning: The dag_concurrency option in [core] has been renamed to max_active_tasks_per_dag - the old setting has been used, but please update your config.
/home/eduardomizumoto/.pyenv/versions/3.12.8/lib/python3.12/site-packages/airflow/models/dag.py:4211 DeprecationWarning: The dag_concurrency option in [core] has been renamed to max_active_tasks_per_dag - the old setting has been used, but please update your config.
/home/eduardomizumoto/.pyenv/versions/3.12.8/lib/python3.12/site-packages/airflow/settings.py:470 DeprecationWarning: The sql_alchemy_conn option in [core] has been moved to the sql_alchemy_conn option in [database] - the old setting has been used, but please update your config.
/home/eduardomizumoto/.pyenv/versions/3.12.8/lib/python3.12/site-packages/airflow/configuration.py:2068: DeprecationWarning: Specifying both AIRFLOW_HOME environment variable and airflow_home in the config file is deprecated. Please use only the AIRFLOW_HOME environment variable and remove the config file entry.
  warnings.warn(msg, category=DeprecationWarning, stacklevel=1)
/home/eduardomizumoto/.pyenv/versions/3.12.8/lib/python3.12/site-packages/airflow/configuration.py:819 DeprecationWarning: The sql_alchemy_conn option in [core] has been moved to the sql_alchemy_conn option in [database] - the old setting has been used, but please update your config.
/home/eduardomizumoto/.pyenv/versions/3.12.8/lib/python3.12/site-packages/airflow/configuration.py:742 DeprecationWarning: The sql_alchemy_conn option in [core] has been moved to the sql_alchemy_conn option in [database] - the old setting has been used, but please update your config.
/home/eduardomizumoto/.pyenv/versions/3.12.8/lib/python3.12/site-packages/airflow/settings.py:209 DeprecationWarning: The sql_alchemy_conn option in [core] has been moved to the sql_alchemy_conn option in [database] - the old setting has been used, but please update your config.
/home/eduardomizumoto/.pyenv/versions/3.12.8/lib/python3.12/site-packages/airflow/config_templates/airflow_local_settings.py:52 DeprecationWarning: The base_log_folder option in [core] has been moved to the base_log_folder option in [logging] - the old setting has been used, but please update your config.
/home/eduardomizumoto/.pyenv/versions/3.12.8/lib/python3.12/site-packages/airflow/models/base.py:75 DeprecationWarning: The sql_alchemy_conn option in [core] has been moved to the sql_alchemy_conn option in [database] - the old setting has been used, but please update your config.
/home/eduardomizumoto/.pyenv/versions/3.12.8/lib/python3.12/site-packages/airflow/settings.py:470 DeprecationWarning: The sql_alchemy_conn option in [core] has been moved to the sql_alchemy_conn option in [database] - the old setting has been used, but please update your config.
/home/eduardomizumoto/.pyenv/versions/3.12.8/lib/python3.12/site-packages/airflow/configuration.py:860 DeprecationWarning: The sql_alchemy_conn option in [core] has been moved to the sql_alchemy_conn option in [database] - the old setting has been used, but please update your config.
/home/eduardomizumoto/.pyenv/versions/3.12.8/lib/python3.12/site-packages/airflow/models/dag.py:541 DeprecationWarning: The dag_concurrency option in [core] has been renamed to max_active_tasks_per_dag - the old setting has been used, but please update your config.
/home/eduardomizumoto/.pyenv/versions/3.12.8/lib/python3.12/site-packages/airflow/models/dag.py:4211 DeprecationWarning: The dag_concurrency option in [core] has been renamed to max_active_tasks_per_dag - the old setting has been used, but please update your config.
/home/eduardomizumoto/.pyenv/versions/3.12.8/lib/python3.12/site-packages/airflow/settings.py:470 DeprecationWarning: The sql_alchemy_conn option in [core] has been moved to the sql_alchemy_conn option in [database] - the old setting has been used, but please update your config.
/home/eduardomizumoto/.pyenv/versions/3.12.8/lib/python3.12/site-packages/airflow/configuration.py:2068: DeprecationWarning: Specifying both AIRFLOW_HOME environment variable and airflow_home in the config file is deprecated. Please use only the AIRFLOW_HOME environment variable and remove the config file entry.
  warnings.warn(msg, category=DeprecationWarning, stacklevel=1)
/home/eduardomizumoto/.pyenv/versions/3.12.8/lib/python3.12/site-packages/airflow/configuration.py:819 DeprecationWarning: The sql_alchemy_conn option in [core] has been moved to the sql_alchemy_conn option in [database] - the old setting has been used, but please update your config.
/home/eduardomizumoto/.pyenv/versions/3.12.8/lib/python3.12/site-packages/airflow/configuration.py:742 DeprecationWarning: The sql_alchemy_conn option in [core] has been moved to the sql_alchemy_conn option in [database] - the old setting has been used, but please update your config.
/home/eduardomizumoto/.pyenv/versions/3.12.8/lib/python3.12/site-packages/airflow/settings.py:209 DeprecationWarning: The sql_alchemy_conn option in [core] has been moved to the sql_alchemy_conn option in [database] - the old setting has been used, but please update your config.
/home/eduardomizumoto/.pyenv/versions/3.12.8/lib/python3.12/site-packages/airflow/config_templates/airflow_local_settings.py:52 DeprecationWarning: The base_log_folder option in [core] has been moved to the base_log_folder option in [logging] - the old setting has been used, but please update your config.
/home/eduardomizumoto/.pyenv/versions/3.12.8/lib/python3.12/site-packages/airflow/models/base.py:75 DeprecationWarning: The sql_alchemy_conn option in [core] has been moved to the sql_alchemy_conn option in [database] - the old setting has been used, but please update your config.
/home/eduardomizumoto/.pyenv/versions/3.12.8/lib/python3.12/site-packages/airflow/settings.py:470 DeprecationWarning: The sql_alchemy_conn option in [core] has been moved to the sql_alchemy_conn option in [database] - the old setting has been used, but please update your config.
/home/eduardomizumoto/.pyenv/versions/3.12.8/lib/python3.12/site-packages/airflow/configuration.py:860 DeprecationWarning: The sql_alchemy_conn option in [core] has been moved to the sql_alchemy_conn option in [database] - the old setting has been used, but please update your config.
/home/eduardomizumoto/.pyenv/versions/3.12.8/lib/python3.12/site-packages/airflow/models/dag.py:541 DeprecationWarning: The dag_concurrency option in [core] has been renamed to max_active_tasks_per_dag - the old setting has been used, but please update your config.
/home/eduardomizumoto/.pyenv/versions/3.12.8/lib/python3.12/site-packages/airflow/models/dag.py:4211 DeprecationWarning: The dag_concurrency option in [core] has been renamed to max_active_tasks_per_dag - the old setting has been used, but please update your config.
/home/eduardomizumoto/.pyenv/versions/3.12.8/lib/python3.12/site-packages/airflow/settings.py:470 DeprecationWarning: The sql_alchemy_conn option in [core] has been moved to the sql_alchemy_conn option in [database] - the old setting has been used, but please update your config.
/home/eduardomizumoto/.pyenv/versions/3.12.8/lib/python3.12/site-packages/airflow/configuration.py:2068: DeprecationWarning: Specifying both AIRFLOW_HOME environment variable and airflow_home in the config file is deprecated. Please use only the AIRFLOW_HOME environment variable and remove the config file entry.
  warnings.warn(msg, category=DeprecationWarning, stacklevel=1)
/home/eduardomizumoto/.pyenv/versions/3.12.8/lib/python3.12/site-packages/airflow/configuration.py:819 DeprecationWarning: The sql_alchemy_conn option in [core] has been moved to the sql_alchemy_conn option in [database] - the old setting has been used, but please update your config.
/home/eduardomizumoto/.pyenv/versions/3.12.8/lib/python3.12/site-packages/airflow/configuration.py:742 DeprecationWarning: The sql_alchemy_conn option in [core] has been moved to the sql_alchemy_conn option in [database] - the old setting has been used, but please update your config.
/home/eduardomizumoto/.pyenv/versions/3.12.8/lib/python3.12/site-packages/airflow/settings.py:209 DeprecationWarning: The sql_alchemy_conn option in [core] has been moved to the sql_alchemy_conn option in [database] - the old setting has been used, but please update your config.
/home/eduardomizumoto/.pyenv/versions/3.12.8/lib/python3.12/site-packages/airflow/config_templates/airflow_local_settings.py:52 DeprecationWarning: The base_log_folder option in [core] has been moved to the base_log_folder option in [logging] - the old setting has been used, but please update your config.
/home/eduardomizumoto/.pyenv/versions/3.12.8/lib/python3.12/site-packages/airflow/models/base.py:75 DeprecationWarning: The sql_alchemy_conn option in [core] has been moved to the sql_alchemy_conn option in [database] - the old setting has been used, but please update your config.
/home/eduardomizumoto/.pyenv/versions/3.12.8/lib/python3.12/site-packages/airflow/settings.py:470 DeprecationWarning: The sql_alchemy_conn option in [core] has been moved to the sql_alchemy_conn option in [database] - the old setting has been used, but please update your config.
/home/eduardomizumoto/.pyenv/versions/3.12.8/lib/python3.12/site-packages/airflow/configuration.py:860 DeprecationWarning: The sql_alchemy_conn option in [core] has been moved to the sql_alchemy_conn option in [database] - the old setting has been used, but please update your config.
/home/eduardomizumoto/.pyenv/versions/3.12.8/lib/python3.12/site-packages/airflow/models/dag.py:541 DeprecationWarning: The dag_concurrency option in [core] has been renamed to max_active_tasks_per_dag - the old setting has been used, but please update your config.
/home/eduardomizumoto/.pyenv/versions/3.12.8/lib/python3.12/site-packages/airflow/models/dag.py:4211 DeprecationWarning: The dag_concurrency option in [core] has been renamed to max_active_tasks_per_dag - the old setting has been used, but please update your config.
/home/eduardomizumoto/.pyenv/versions/3.12.8/lib/python3.12/site-packages/airflow/settings.py:470 DeprecationWarning: The sql_alchemy_conn option in [core] has been moved to the sql_alchemy_conn option in [database] - the old setting has been used, but please update your config.
/home/eduardomizumoto/.pyenv/versions/3.12.8/lib/python3.12/site-packages/airflow/configuration.py:2068: DeprecationWarning: Specifying both AIRFLOW_HOME environment variable and airflow_home in the config file is deprecated. Please use only the AIRFLOW_HOME environment variable and remove the config file entry.
  warnings.warn(msg, category=DeprecationWarning, stacklevel=1)
/home/eduardomizumoto/.pyenv/versions/3.12.8/lib/python3.12/site-packages/airflow/configuration.py:819 DeprecationWarning: The sql_alchemy_conn option in [core] has been moved to the sql_alchemy_conn option in [database] - the old setting has been used, but please update your config.
/home/eduardomizumoto/.pyenv/versions/3.12.8/lib/python3.12/site-packages/airflow/configuration.py:742 DeprecationWarning: The sql_alchemy_conn option in [core] has been moved to the sql_alchemy_conn option in [database] - the old setting has been used, but please update your config.
/home/eduardomizumoto/.pyenv/versions/3.12.8/lib/python3.12/site-packages/airflow/settings.py:209 DeprecationWarning: The sql_alchemy_conn option in [core] has been moved to the sql_alchemy_conn option in [database] - the old setting has been used, but please update your config.
/home/eduardomizumoto/.pyenv/versions/3.12.8/lib/python3.12/site-packages/airflow/config_templates/airflow_local_settings.py:52 DeprecationWarning: The base_log_folder option in [core] has been moved to the base_log_folder option in [logging] - the old setting has been used, but please update your config.
/home/eduardomizumoto/.pyenv/versions/3.12.8/lib/python3.12/site-packages/airflow/models/base.py:75 DeprecationWarning: The sql_alchemy_conn option in [core] has been moved to the sql_alchemy_conn option in [database] - the old setting has been used, but please update your config.
/home/eduardomizumoto/.pyenv/versions/3.12.8/lib/python3.12/site-packages/airflow/settings.py:470 DeprecationWarning: The sql_alchemy_conn option in [core] has been moved to the sql_alchemy_conn option in [database] - the old setting has been used, but please update your config.
/home/eduardomizumoto/.pyenv/versions/3.12.8/lib/python3.12/site-packages/airflow/configuration.py:860 DeprecationWarning: The sql_alchemy_conn option in [core] has been moved to the sql_alchemy_conn option in [database] - the old setting has been used, but please update your config.
/home/eduardomizumoto/.pyenv/versions/3.12.8/lib/python3.12/site-packages/airflow/models/dag.py:541 DeprecationWarning: The dag_concurrency option in [core] has been renamed to max_active_tasks_per_dag - the old setting has been used, but please update your config.
/home/eduardomizumoto/.pyenv/versions/3.12.8/lib/python3.12/site-packages/airflow/models/dag.py:4211 DeprecationWarning: The dag_concurrency option in [core] has been renamed to max_active_tasks_per_dag - the old setting has been used, but please update your config.
/home/eduardomizumoto/.pyenv/versions/3.12.8/lib/python3.12/site-packages/airflow/settings.py:470 DeprecationWarning: The sql_alchemy_conn option in [core] has been moved to the sql_alchemy_conn option in [database] - the old setting has been used, but please update your config.
/home/eduardomizumoto/.pyenv/versions/3.12.8/lib/python3.12/site-packages/airflow/configuration.py:2068: DeprecationWarning: Specifying both AIRFLOW_HOME environment variable and airflow_home in the config file is deprecated. Please use only the AIRFLOW_HOME environment variable and remove the config file entry.
  warnings.warn(msg, category=DeprecationWarning, stacklevel=1)
/home/eduardomizumoto/.pyenv/versions/3.12.8/lib/python3.12/site-packages/airflow/configuration.py:819 DeprecationWarning: The sql_alchemy_conn option in [core] has been moved to the sql_alchemy_conn option in [database] - the old setting has been used, but please update your config.
/home/eduardomizumoto/.pyenv/versions/3.12.8/lib/python3.12/site-packages/airflow/configuration.py:742 DeprecationWarning: The sql_alchemy_conn option in [core] has been moved to the sql_alchemy_conn option in [database] - the old setting has been used, but please update your config.
/home/eduardomizumoto/.pyenv/versions/3.12.8/lib/python3.12/site-packages/airflow/settings.py:209 DeprecationWarning: The sql_alchemy_conn option in [core] has been moved to the sql_alchemy_conn option in [database] - the old setting has been used, but please update your config.
/home/eduardomizumoto/.pyenv/versions/3.12.8/lib/python3.12/site-packages/airflow/config_templates/airflow_local_settings.py:52 DeprecationWarning: The base_log_folder option in [core] has been moved to the base_log_folder option in [logging] - the old setting has been used, but please update your config.
/home/eduardomizumoto/.pyenv/versions/3.12.8/lib/python3.12/site-packages/airflow/models/base.py:75 DeprecationWarning: The sql_alchemy_conn option in [core] has been moved to the sql_alchemy_conn option in [database] - the old setting has been used, but please update your config.
/home/eduardomizumoto/.pyenv/versions/3.12.8/lib/python3.12/site-packages/airflow/settings.py:470 DeprecationWarning: The sql_alchemy_conn option in [core] has been moved to the sql_alchemy_conn option in [database] - the old setting has been used, but please update your config.
/home/eduardomizumoto/.pyenv/versions/3.12.8/lib/python3.12/site-packages/airflow/configuration.py:860 DeprecationWarning: The sql_alchemy_conn option in [core] has been moved to the sql_alchemy_conn option in [database] - the old setting has been used, but please update your config.
/home/eduardomizumoto/.pyenv/versions/3.12.8/lib/python3.12/site-packages/airflow/models/dag.py:541 DeprecationWarning: The dag_concurrency option in [core] has been renamed to max_active_tasks_per_dag - the old setting has been used, but please update your config.
/home/eduardomizumoto/.pyenv/versions/3.12.8/lib/python3.12/site-packages/airflow/models/dag.py:4211 DeprecationWarning: The dag_concurrency option in [core] has been renamed to max_active_tasks_per_dag - the old setting has been used, but please update your config.
/home/eduardomizumoto/.pyenv/versions/3.12.8/lib/python3.12/site-packages/airflow/settings.py:470 DeprecationWarning: The sql_alchemy_conn option in [core] has been moved to the sql_alchemy_conn option in [database] - the old setting has been used, but please update your config.
/home/eduardomizumoto/.pyenv/versions/3.12.8/lib/python3.12/site-packages/airflow/configuration.py:2068: DeprecationWarning: Specifying both AIRFLOW_HOME environment variable and airflow_home in the config file is deprecated. Please use only the AIRFLOW_HOME environment variable and remove the config file entry.
  warnings.warn(msg, category=DeprecationWarning, stacklevel=1)
/home/eduardomizumoto/.pyenv/versions/3.12.8/lib/python3.12/site-packages/airflow/configuration.py:819 DeprecationWarning: The sql_alchemy_conn option in [core] has been moved to the sql_alchemy_conn option in [database] - the old setting has been used, but please update your config.
/home/eduardomizumoto/.pyenv/versions/3.12.8/lib/python3.12/site-packages/airflow/configuration.py:742 DeprecationWarning: The sql_alchemy_conn option in [core] has been moved to the sql_alchemy_conn option in [database] - the old setting has been used, but please update your config.
/home/eduardomizumoto/.pyenv/versions/3.12.8/lib/python3.12/site-packages/airflow/settings.py:209 DeprecationWarning: The sql_alchemy_conn option in [core] has been moved to the sql_alchemy_conn option in [database] - the old setting has been used, but please update your config.
/home/eduardomizumoto/.pyenv/versions/3.12.8/lib/python3.12/site-packages/airflow/config_templates/airflow_local_settings.py:52 DeprecationWarning: The base_log_folder option in [core] has been moved to the base_log_folder option in [logging] - the old setting has been used, but please update your config.
/home/eduardomizumoto/.pyenv/versions/3.12.8/lib/python3.12/site-packages/airflow/models/base.py:75 DeprecationWarning: The sql_alchemy_conn option in [core] has been moved to the sql_alchemy_conn option in [database] - the old setting has been used, but please update your config.
/home/eduardomizumoto/.pyenv/versions/3.12.8/lib/python3.12/site-packages/airflow/settings.py:470 DeprecationWarning: The sql_alchemy_conn option in [core] has been moved to the sql_alchemy_conn option in [database] - the old setting has been used, but please update your config.
/home/eduardomizumoto/.pyenv/versions/3.12.8/lib/python3.12/site-packages/airflow/configuration.py:860 DeprecationWarning: The sql_alchemy_conn option in [core] has been moved to the sql_alchemy_conn option in [database] - the old setting has been used, but please update your config.
/home/eduardomizumoto/.pyenv/versions/3.12.8/lib/python3.12/site-packages/airflow/models/dag.py:541 DeprecationWarning: The dag_concurrency option in [core] has been renamed to max_active_tasks_per_dag - the old setting has been used, but please update your config.
/home/eduardomizumoto/.pyenv/versions/3.12.8/lib/python3.12/site-packages/airflow/models/dag.py:4211 DeprecationWarning: The dag_concurrency option in [core] has been renamed to max_active_tasks_per_dag - the old setting has been used, but please update your config.
/home/eduardomizumoto/.pyenv/versions/3.12.8/lib/python3.12/site-packages/airflow/settings.py:470 DeprecationWarning: The sql_alchemy_conn option in [core] has been moved to the sql_alchemy_conn option in [database] - the old setting has been used, but please update your config.
/home/eduardomizumoto/.pyenv/versions/3.12.8/lib/python3.12/site-packages/airflow/configuration.py:2068: DeprecationWarning: Specifying both AIRFLOW_HOME environment variable and airflow_home in the config file is deprecated. Please use only the AIRFLOW_HOME environment variable and remove the config file entry.
  warnings.warn(msg, category=DeprecationWarning, stacklevel=1)
/home/eduardomizumoto/.pyenv/versions/3.12.8/lib/python3.12/site-packages/airflow/configuration.py:819 DeprecationWarning: The sql_alchemy_conn option in [core] has been moved to the sql_alchemy_conn option in [database] - the old setting has been used, but please update your config.
/home/eduardomizumoto/.pyenv/versions/3.12.8/lib/python3.12/site-packages/airflow/configuration.py:742 DeprecationWarning: The sql_alchemy_conn option in [core] has been moved to the sql_alchemy_conn option in [database] - the old setting has been used, but please update your config.
/home/eduardomizumoto/.pyenv/versions/3.12.8/lib/python3.12/site-packages/airflow/settings.py:209 DeprecationWarning: The sql_alchemy_conn option in [core] has been moved to the sql_alchemy_conn option in [database] - the old setting has been used, but please update your config.
/home/eduardomizumoto/.pyenv/versions/3.12.8/lib/python3.12/site-packages/airflow/config_templates/airflow_local_settings.py:52 DeprecationWarning: The base_log_folder option in [core] has been moved to the base_log_folder option in [logging] - the old setting has been used, but please update your config.
/home/eduardomizumoto/.pyenv/versions/3.12.8/lib/python3.12/site-packages/airflow/models/base.py:75 DeprecationWarning: The sql_alchemy_conn option in [core] has been moved to the sql_alchemy_conn option in [database] - the old setting has been used, but please update your config.
/home/eduardomizumoto/.pyenv/versions/3.12.8/lib/python3.12/site-packages/airflow/settings.py:470 DeprecationWarning: The sql_alchemy_conn option in [core] has been moved to the sql_alchemy_conn option in [database] - the old setting has been used, but please update your config.
/home/eduardomizumoto/.pyenv/versions/3.12.8/lib/python3.12/site-packages/airflow/configuration.py:860 DeprecationWarning: The sql_alchemy_conn option in [core] has been moved to the sql_alchemy_conn option in [database] - the old setting has been used, but please update your config.
/home/eduardomizumoto/.pyenv/versions/3.12.8/lib/python3.12/site-packages/airflow/models/dag.py:541 DeprecationWarning: The dag_concurrency option in [core] has been renamed to max_active_tasks_per_dag - the old setting has been used, but please update your config.
/home/eduardomizumoto/.pyenv/versions/3.12.8/lib/python3.12/site-packages/airflow/models/dag.py:4211 DeprecationWarning: The dag_concurrency option in [core] has been renamed to max_active_tasks_per_dag - the old setting has been used, but please update your config.
/home/eduardomizumoto/.pyenv/versions/3.12.8/lib/python3.12/site-packages/airflow/settings.py:470 DeprecationWarning: The sql_alchemy_conn option in [core] has been moved to the sql_alchemy_conn option in [database] - the old setting has been used, but please update your config.
/home/eduardomizumoto/.pyenv/versions/3.12.8/lib/python3.12/site-packages/airflow/configuration.py:2068: DeprecationWarning: Specifying both AIRFLOW_HOME environment variable and airflow_home in the config file is deprecated. Please use only the AIRFLOW_HOME environment variable and remove the config file entry.
  warnings.warn(msg, category=DeprecationWarning, stacklevel=1)
/home/eduardomizumoto/.pyenv/versions/3.12.8/lib/python3.12/site-packages/airflow/configuration.py:819 DeprecationWarning: The sql_alchemy_conn option in [core] has been moved to the sql_alchemy_conn option in [database] - the old setting has been used, but please update your config.
/home/eduardomizumoto/.pyenv/versions/3.12.8/lib/python3.12/site-packages/airflow/configuration.py:742 DeprecationWarning: The sql_alchemy_conn option in [core] has been moved to the sql_alchemy_conn option in [database] - the old setting has been used, but please update your config.
/home/eduardomizumoto/.pyenv/versions/3.12.8/lib/python3.12/site-packages/airflow/settings.py:209 DeprecationWarning: The sql_alchemy_conn option in [core] has been moved to the sql_alchemy_conn option in [database] - the old setting has been used, but please update your config.
/home/eduardomizumoto/.pyenv/versions/3.12.8/lib/python3.12/site-packages/airflow/config_templates/airflow_local_settings.py:52 DeprecationWarning: The base_log_folder option in [core] has been moved to the base_log_folder option in [logging] - the old setting has been used, but please update your config.
/home/eduardomizumoto/.pyenv/versions/3.12.8/lib/python3.12/site-packages/airflow/models/base.py:75 DeprecationWarning: The sql_alchemy_conn option in [core] has been moved to the sql_alchemy_conn option in [database] - the old setting has been used, but please update your config.
/home/eduardomizumoto/.pyenv/versions/3.12.8/lib/python3.12/site-packages/airflow/settings.py:470 DeprecationWarning: The sql_alchemy_conn option in [core] has been moved to the sql_alchemy_conn option in [database] - the old setting has been used, but please update your config.
/home/eduardomizumoto/.pyenv/versions/3.12.8/lib/python3.12/site-packages/airflow/configuration.py:860 DeprecationWarning: The sql_alchemy_conn option in [core] has been moved to the sql_alchemy_conn option in [database] - the old setting has been used, but please update your config.
/home/eduardomizumoto/.pyenv/versions/3.12.8/lib/python3.12/site-packages/airflow/models/dag.py:541 DeprecationWarning: The dag_concurrency option in [core] has been renamed to max_active_tasks_per_dag - the old setting has been used, but please update your config.
/home/eduardomizumoto/.pyenv/versions/3.12.8/lib/python3.12/site-packages/airflow/models/dag.py:4211 DeprecationWarning: The dag_concurrency option in [core] has been renamed to max_active_tasks_per_dag - the old setting has been used, but please update your config.
/home/eduardomizumoto/.pyenv/versions/3.12.8/lib/python3.12/site-packages/airflow/settings.py:470 DeprecationWarning: The sql_alchemy_conn option in [core] has been moved to the sql_alchemy_conn option in [database] - the old setting has been used, but please update your config.
/home/eduardomizumoto/.pyenv/versions/3.12.8/lib/python3.12/site-packages/airflow/configuration.py:2068: DeprecationWarning: Specifying both AIRFLOW_HOME environment variable and airflow_home in the config file is deprecated. Please use only the AIRFLOW_HOME environment variable and remove the config file entry.
  warnings.warn(msg, category=DeprecationWarning, stacklevel=1)
/home/eduardomizumoto/.pyenv/versions/3.12.8/lib/python3.12/site-packages/airflow/configuration.py:819 DeprecationWarning: The sql_alchemy_conn option in [core] has been moved to the sql_alchemy_conn option in [database] - the old setting has been used, but please update your config.
/home/eduardomizumoto/.pyenv/versions/3.12.8/lib/python3.12/site-packages/airflow/configuration.py:742 DeprecationWarning: The sql_alchemy_conn option in [core] has been moved to the sql_alchemy_conn option in [database] - the old setting has been used, but please update your config.
/home/eduardomizumoto/.pyenv/versions/3.12.8/lib/python3.12/site-packages/airflow/settings.py:209 DeprecationWarning: The sql_alchemy_conn option in [core] has been moved to the sql_alchemy_conn option in [database] - the old setting has been used, but please update your config.
/home/eduardomizumoto/.pyenv/versions/3.12.8/lib/python3.12/site-packages/airflow/config_templates/airflow_local_settings.py:52 DeprecationWarning: The base_log_folder option in [core] has been moved to the base_log_folder option in [logging] - the old setting has been used, but please update your config.
/home/eduardomizumoto/.pyenv/versions/3.12.8/lib/python3.12/site-packages/airflow/models/base.py:75 DeprecationWarning: The sql_alchemy_conn option in [core] has been moved to the sql_alchemy_conn option in [database] - the old setting has been used, but please update your config.
/home/eduardomizumoto/.pyenv/versions/3.12.8/lib/python3.12/site-packages/airflow/settings.py:470 DeprecationWarning: The sql_alchemy_conn option in [core] has been moved to the sql_alchemy_conn option in [database] - the old setting has been used, but please update your config.
/home/eduardomizumoto/.pyenv/versions/3.12.8/lib/python3.12/site-packages/airflow/configuration.py:860 DeprecationWarning: The sql_alchemy_conn option in [core] has been moved to the sql_alchemy_conn option in [database] - the old setting has been used, but please update your config.
/home/eduardomizumoto/.pyenv/versions/3.12.8/lib/python3.12/site-packages/airflow/models/dag.py:541 DeprecationWarning: The dag_concurrency option in [core] has been renamed to max_active_tasks_per_dag - the old setting has been used, but please update your config.
/home/eduardomizumoto/.pyenv/versions/3.12.8/lib/python3.12/site-packages/airflow/models/dag.py:4211 DeprecationWarning: The dag_concurrency option in [core] has been renamed to max_active_tasks_per_dag - the old setting has been used, but please update your config.
/home/eduardomizumoto/.pyenv/versions/3.12.8/lib/python3.12/site-packages/airflow/settings.py:470 DeprecationWarning: The sql_alchemy_conn option in [core] has been moved to the sql_alchemy_conn option in [database] - the old setting has been used, but please update your config.
/home/eduardomizumoto/.pyenv/versions/3.12.8/lib/python3.12/site-packages/airflow/configuration.py:2068: DeprecationWarning: Specifying both AIRFLOW_HOME environment variable and airflow_home in the config file is deprecated. Please use only the AIRFLOW_HOME environment variable and remove the config file entry.
  warnings.warn(msg, category=DeprecationWarning, stacklevel=1)
/home/eduardomizumoto/.pyenv/versions/3.12.8/lib/python3.12/site-packages/airflow/configuration.py:819 DeprecationWarning: The sql_alchemy_conn option in [core] has been moved to the sql_alchemy_conn option in [database] - the old setting has been used, but please update your config.
/home/eduardomizumoto/.pyenv/versions/3.12.8/lib/python3.12/site-packages/airflow/configuration.py:742 DeprecationWarning: The sql_alchemy_conn option in [core] has been moved to the sql_alchemy_conn option in [database] - the old setting has been used, but please update your config.
/home/eduardomizumoto/.pyenv/versions/3.12.8/lib/python3.12/site-packages/airflow/settings.py:209 DeprecationWarning: The sql_alchemy_conn option in [core] has been moved to the sql_alchemy_conn option in [database] - the old setting has been used, but please update your config.
/home/eduardomizumoto/.pyenv/versions/3.12.8/lib/python3.12/site-packages/airflow/config_templates/airflow_local_settings.py:52 DeprecationWarning: The base_log_folder option in [core] has been moved to the base_log_folder option in [logging] - the old setting has been used, but please update your config.
/home/eduardomizumoto/.pyenv/versions/3.12.8/lib/python3.12/site-packages/airflow/models/base.py:75 DeprecationWarning: The sql_alchemy_conn option in [core] has been moved to the sql_alchemy_conn option in [database] - the old setting has been used, but please update your config.
/home/eduardomizumoto/.pyenv/versions/3.12.8/lib/python3.12/site-packages/airflow/settings.py:470 DeprecationWarning: The sql_alchemy_conn option in [core] has been moved to the sql_alchemy_conn option in [database] - the old setting has been used, but please update your config.
/home/eduardomizumoto/.pyenv/versions/3.12.8/lib/python3.12/site-packages/airflow/configuration.py:860 DeprecationWarning: The sql_alchemy_conn option in [core] has been moved to the sql_alchemy_conn option in [database] - the old setting has been used, but please update your config.
/home/eduardomizumoto/.pyenv/versions/3.12.8/lib/python3.12/site-packages/airflow/models/dag.py:541 DeprecationWarning: The dag_concurrency option in [core] has been renamed to max_active_tasks_per_dag - the old setting has been used, but please update your config.
/home/eduardomizumoto/.pyenv/versions/3.12.8/lib/python3.12/site-packages/airflow/models/dag.py:4211 DeprecationWarning: The dag_concurrency option in [core] has been renamed to max_active_tasks_per_dag - the old setting has been used, but please update your config.
/home/eduardomizumoto/.pyenv/versions/3.12.8/lib/python3.12/site-packages/airflow/settings.py:470 DeprecationWarning: The sql_alchemy_conn option in [core] has been moved to the sql_alchemy_conn option in [database] - the old setting has been used, but please update your config.
/home/eduardomizumoto/.pyenv/versions/3.12.8/lib/python3.12/site-packages/airflow/configuration.py:2068: DeprecationWarning: Specifying both AIRFLOW_HOME environment variable and airflow_home in the config file is deprecated. Please use only the AIRFLOW_HOME environment variable and remove the config file entry.
  warnings.warn(msg, category=DeprecationWarning, stacklevel=1)
/home/eduardomizumoto/.pyenv/versions/3.12.8/lib/python3.12/site-packages/airflow/configuration.py:819 DeprecationWarning: The sql_alchemy_conn option in [core] has been moved to the sql_alchemy_conn option in [database] - the old setting has been used, but please update your config.
/home/eduardomizumoto/.pyenv/versions/3.12.8/lib/python3.12/site-packages/airflow/configuration.py:742 DeprecationWarning: The sql_alchemy_conn option in [core] has been moved to the sql_alchemy_conn option in [database] - the old setting has been used, but please update your config.
/home/eduardomizumoto/.pyenv/versions/3.12.8/lib/python3.12/site-packages/airflow/settings.py:209 DeprecationWarning: The sql_alchemy_conn option in [core] has been moved to the sql_alchemy_conn option in [database] - the old setting has been used, but please update your config.
/home/eduardomizumoto/.pyenv/versions/3.12.8/lib/python3.12/site-packages/airflow/config_templates/airflow_local_settings.py:52 DeprecationWarning: The base_log_folder option in [core] has been moved to the base_log_folder option in [logging] - the old setting has been used, but please update your config.
/home/eduardomizumoto/.pyenv/versions/3.12.8/lib/python3.12/site-packages/airflow/models/base.py:75 DeprecationWarning: The sql_alchemy_conn option in [core] has been moved to the sql_alchemy_conn option in [database] - the old setting has been used, but please update your config.
/home/eduardomizumoto/.pyenv/versions/3.12.8/lib/python3.12/site-packages/airflow/settings.py:470 DeprecationWarning: The sql_alchemy_conn option in [core] has been moved to the sql_alchemy_conn option in [database] - the old setting has been used, but please update your config.
/home/eduardomizumoto/.pyenv/versions/3.12.8/lib/python3.12/site-packages/airflow/configuration.py:860 DeprecationWarning: The sql_alchemy_conn option in [core] has been moved to the sql_alchemy_conn option in [database] - the old setting has been used, but please update your config.
/home/eduardomizumoto/.pyenv/versions/3.12.8/lib/python3.12/site-packages/airflow/models/dag.py:541 DeprecationWarning: The dag_concurrency option in [core] has been renamed to max_active_tasks_per_dag - the old setting has been used, but please update your config.
/home/eduardomizumoto/.pyenv/versions/3.12.8/lib/python3.12/site-packages/airflow/models/dag.py:4211 DeprecationWarning: The dag_concurrency option in [core] has been renamed to max_active_tasks_per_dag - the old setting has been used, but please update your config.
/home/eduardomizumoto/.pyenv/versions/3.12.8/lib/python3.12/site-packages/airflow/settings.py:470 DeprecationWarning: The sql_alchemy_conn option in [core] has been moved to the sql_alchemy_conn option in [database] - the old setting has been used, but please update your config.
/home/eduardomizumoto/.pyenv/versions/3.12.8/lib/python3.12/site-packages/airflow/configuration.py:2068: DeprecationWarning: Specifying both AIRFLOW_HOME environment variable and airflow_home in the config file is deprecated. Please use only the AIRFLOW_HOME environment variable and remove the config file entry.
  warnings.warn(msg, category=DeprecationWarning, stacklevel=1)
/home/eduardomizumoto/.pyenv/versions/3.12.8/lib/python3.12/site-packages/airflow/configuration.py:819 DeprecationWarning: The sql_alchemy_conn option in [core] has been moved to the sql_alchemy_conn option in [database] - the old setting has been used, but please update your config.
/home/eduardomizumoto/.pyenv/versions/3.12.8/lib/python3.12/site-packages/airflow/configuration.py:742 DeprecationWarning: The sql_alchemy_conn option in [core] has been moved to the sql_alchemy_conn option in [database] - the old setting has been used, but please update your config.
/home/eduardomizumoto/.pyenv/versions/3.12.8/lib/python3.12/site-packages/airflow/settings.py:209 DeprecationWarning: The sql_alchemy_conn option in [core] has been moved to the sql_alchemy_conn option in [database] - the old setting has been used, but please update your config.
/home/eduardomizumoto/.pyenv/versions/3.12.8/lib/python3.12/site-packages/airflow/config_templates/airflow_local_settings.py:52 DeprecationWarning: The base_log_folder option in [core] has been moved to the base_log_folder option in [logging] - the old setting has been used, but please update your config.
/home/eduardomizumoto/.pyenv/versions/3.12.8/lib/python3.12/site-packages/airflow/models/base.py:75 DeprecationWarning: The sql_alchemy_conn option in [core] has been moved to the sql_alchemy_conn option in [database] - the old setting has been used, but please update your config.
/home/eduardomizumoto/.pyenv/versions/3.12.8/lib/python3.12/site-packages/airflow/settings.py:470 DeprecationWarning: The sql_alchemy_conn option in [core] has been moved to the sql_alchemy_conn option in [database] - the old setting has been used, but please update your config.
/home/eduardomizumoto/.pyenv/versions/3.12.8/lib/python3.12/site-packages/airflow/configuration.py:860 DeprecationWarning: The sql_alchemy_conn option in [core] has been moved to the sql_alchemy_conn option in [database] - the old setting has been used, but please update your config.
/home/eduardomizumoto/.pyenv/versions/3.12.8/lib/python3.12/site-packages/airflow/models/dag.py:541 DeprecationWarning: The dag_concurrency option in [core] has been renamed to max_active_tasks_per_dag - the old setting has been used, but please update your config.
/home/eduardomizumoto/.pyenv/versions/3.12.8/lib/python3.12/site-packages/airflow/models/dag.py:4211 DeprecationWarning: The dag_concurrency option in [core] has been renamed to max_active_tasks_per_dag - the old setting has been used, but please update your config.
/home/eduardomizumoto/.pyenv/versions/3.12.8/lib/python3.12/site-packages/airflow/settings.py:470 DeprecationWarning: The sql_alchemy_conn option in [core] has been moved to the sql_alchemy_conn option in [database] - the old setting has been used, but please update your config.
/home/eduardomizumoto/.pyenv/versions/3.12.8/lib/python3.12/site-packages/airflow/configuration.py:2068: DeprecationWarning: Specifying both AIRFLOW_HOME environment variable and airflow_home in the config file is deprecated. Please use only the AIRFLOW_HOME environment variable and remove the config file entry.
  warnings.warn(msg, category=DeprecationWarning, stacklevel=1)
/home/eduardomizumoto/.pyenv/versions/3.12.8/lib/python3.12/site-packages/airflow/configuration.py:819 DeprecationWarning: The sql_alchemy_conn option in [core] has been moved to the sql_alchemy_conn option in [database] - the old setting has been used, but please update your config.
/home/eduardomizumoto/.pyenv/versions/3.12.8/lib/python3.12/site-packages/airflow/configuration.py:742 DeprecationWarning: The sql_alchemy_conn option in [core] has been moved to the sql_alchemy_conn option in [database] - the old setting has been used, but please update your config.
/home/eduardomizumoto/.pyenv/versions/3.12.8/lib/python3.12/site-packages/airflow/settings.py:209 DeprecationWarning: The sql_alchemy_conn option in [core] has been moved to the sql_alchemy_conn option in [database] - the old setting has been used, but please update your config.
/home/eduardomizumoto/.pyenv/versions/3.12.8/lib/python3.12/site-packages/airflow/config_templates/airflow_local_settings.py:52 DeprecationWarning: The base_log_folder option in [core] has been moved to the base_log_folder option in [logging] - the old setting has been used, but please update your config.
/home/eduardomizumoto/.pyenv/versions/3.12.8/lib/python3.12/site-packages/airflow/models/base.py:75 DeprecationWarning: The sql_alchemy_conn option in [core] has been moved to the sql_alchemy_conn option in [database] - the old setting has been used, but please update your config.
/home/eduardomizumoto/.pyenv/versions/3.12.8/lib/python3.12/site-packages/airflow/settings.py:470 DeprecationWarning: The sql_alchemy_conn option in [core] has been moved to the sql_alchemy_conn option in [database] - the old setting has been used, but please update your config.
/home/eduardomizumoto/.pyenv/versions/3.12.8/lib/python3.12/site-packages/airflow/configuration.py:860 DeprecationWarning: The sql_alchemy_conn option in [core] has been moved to the sql_alchemy_conn option in [database] - the old setting has been used, but please update your config.
/home/eduardomizumoto/.pyenv/versions/3.12.8/lib/python3.12/site-packages/airflow/models/dag.py:541 DeprecationWarning: The dag_concurrency option in [core] has been renamed to max_active_tasks_per_dag - the old setting has been used, but please update your config.
/home/eduardomizumoto/.pyenv/versions/3.12.8/lib/python3.12/site-packages/airflow/models/dag.py:4211 DeprecationWarning: The dag_concurrency option in [core] has been renamed to max_active_tasks_per_dag - the old setting has been used, but please update your config.
/home/eduardomizumoto/.pyenv/versions/3.12.8/lib/python3.12/site-packages/airflow/settings.py:470 DeprecationWarning: The sql_alchemy_conn option in [core] has been moved to the sql_alchemy_conn option in [database] - the old setting has been used, but please update your config.
/home/eduardomizumoto/.pyenv/versions/3.12.8/lib/python3.12/site-packages/airflow/configuration.py:2068: DeprecationWarning: Specifying both AIRFLOW_HOME environment variable and airflow_home in the config file is deprecated. Please use only the AIRFLOW_HOME environment variable and remove the config file entry.
  warnings.warn(msg, category=DeprecationWarning, stacklevel=1)
/home/eduardomizumoto/.pyenv/versions/3.12.8/lib/python3.12/site-packages/airflow/configuration.py:819 DeprecationWarning: The sql_alchemy_conn option in [core] has been moved to the sql_alchemy_conn option in [database] - the old setting has been used, but please update your config.
/home/eduardomizumoto/.pyenv/versions/3.12.8/lib/python3.12/site-packages/airflow/configuration.py:742 DeprecationWarning: The sql_alchemy_conn option in [core] has been moved to the sql_alchemy_conn option in [database] - the old setting has been used, but please update your config.
/home/eduardomizumoto/.pyenv/versions/3.12.8/lib/python3.12/site-packages/airflow/settings.py:209 DeprecationWarning: The sql_alchemy_conn option in [core] has been moved to the sql_alchemy_conn option in [database] - the old setting has been used, but please update your config.
/home/eduardomizumoto/.pyenv/versions/3.12.8/lib/python3.12/site-packages/airflow/config_templates/airflow_local_settings.py:52 DeprecationWarning: The base_log_folder option in [core] has been moved to the base_log_folder option in [logging] - the old setting has been used, but please update your config.
/home/eduardomizumoto/.pyenv/versions/3.12.8/lib/python3.12/site-packages/airflow/models/base.py:75 DeprecationWarning: The sql_alchemy_conn option in [core] has been moved to the sql_alchemy_conn option in [database] - the old setting has been used, but please update your config.
/home/eduardomizumoto/.pyenv/versions/3.12.8/lib/python3.12/site-packages/airflow/settings.py:470 DeprecationWarning: The sql_alchemy_conn option in [core] has been moved to the sql_alchemy_conn option in [database] - the old setting has been used, but please update your config.
/home/eduardomizumoto/.pyenv/versions/3.12.8/lib/python3.12/site-packages/airflow/configuration.py:860 DeprecationWarning: The sql_alchemy_conn option in [core] has been moved to the sql_alchemy_conn option in [database] - the old setting has been used, but please update your config.
/home/eduardomizumoto/.pyenv/versions/3.12.8/lib/python3.12/site-packages/airflow/models/dag.py:541 DeprecationWarning: The dag_concurrency option in [core] has been renamed to max_active_tasks_per_dag - the old setting has been used, but please update your config.
/home/eduardomizumoto/.pyenv/versions/3.12.8/lib/python3.12/site-packages/airflow/models/dag.py:4211 DeprecationWarning: The dag_concurrency option in [core] has been renamed to max_active_tasks_per_dag - the old setting has been used, but please update your config.
/home/eduardomizumoto/.pyenv/versions/3.12.8/lib/python3.12/site-packages/airflow/settings.py:470 DeprecationWarning: The sql_alchemy_conn option in [core] has been moved to the sql_alchemy_conn option in [database] - the old setting has been used, but please update your config.
/home/eduardomizumoto/.pyenv/versions/3.12.8/lib/python3.12/site-packages/airflow/configuration.py:2068: DeprecationWarning: Specifying both AIRFLOW_HOME environment variable and airflow_home in the config file is deprecated. Please use only the AIRFLOW_HOME environment variable and remove the config file entry.
  warnings.warn(msg, category=DeprecationWarning, stacklevel=1)
/home/eduardomizumoto/.pyenv/versions/3.12.8/lib/python3.12/site-packages/airflow/configuration.py:819 DeprecationWarning: The sql_alchemy_conn option in [core] has been moved to the sql_alchemy_conn option in [database] - the old setting has been used, but please update your config.
/home/eduardomizumoto/.pyenv/versions/3.12.8/lib/python3.12/site-packages/airflow/configuration.py:742 DeprecationWarning: The sql_alchemy_conn option in [core] has been moved to the sql_alchemy_conn option in [database] - the old setting has been used, but please update your config.
/home/eduardomizumoto/.pyenv/versions/3.12.8/lib/python3.12/site-packages/airflow/settings.py:209 DeprecationWarning: The sql_alchemy_conn option in [core] has been moved to the sql_alchemy_conn option in [database] - the old setting has been used, but please update your config.
/home/eduardomizumoto/.pyenv/versions/3.12.8/lib/python3.12/site-packages/airflow/config_templates/airflow_local_settings.py:52 DeprecationWarning: The base_log_folder option in [core] has been moved to the base_log_folder option in [logging] - the old setting has been used, but please update your config.
/home/eduardomizumoto/.pyenv/versions/3.12.8/lib/python3.12/site-packages/airflow/models/base.py:75 DeprecationWarning: The sql_alchemy_conn option in [core] has been moved to the sql_alchemy_conn option in [database] - the old setting has been used, but please update your config.
/home/eduardomizumoto/.pyenv/versions/3.12.8/lib/python3.12/site-packages/airflow/settings.py:470 DeprecationWarning: The sql_alchemy_conn option in [core] has been moved to the sql_alchemy_conn option in [database] - the old setting has been used, but please update your config.
/home/eduardomizumoto/.pyenv/versions/3.12.8/lib/python3.12/site-packages/airflow/configuration.py:860 DeprecationWarning: The sql_alchemy_conn option in [core] has been moved to the sql_alchemy_conn option in [database] - the old setting has been used, but please update your config.
/home/eduardomizumoto/.pyenv/versions/3.12.8/lib/python3.12/site-packages/airflow/models/dag.py:541 DeprecationWarning: The dag_concurrency option in [core] has been renamed to max_active_tasks_per_dag - the old setting has been used, but please update your config.
/home/eduardomizumoto/.pyenv/versions/3.12.8/lib/python3.12/site-packages/airflow/models/dag.py:4211 DeprecationWarning: The dag_concurrency option in [core] has been renamed to max_active_tasks_per_dag - the old setting has been used, but please update your config.
/home/eduardomizumoto/.pyenv/versions/3.12.8/lib/python3.12/site-packages/airflow/settings.py:470 DeprecationWarning: The sql_alchemy_conn option in [core] has been moved to the sql_alchemy_conn option in [database] - the old setting has been used, but please update your config.
/home/eduardomizumoto/.pyenv/versions/3.12.8/lib/python3.12/site-packages/airflow/configuration.py:2068: DeprecationWarning: Specifying both AIRFLOW_HOME environment variable and airflow_home in the config file is deprecated. Please use only the AIRFLOW_HOME environment variable and remove the config file entry.
  warnings.warn(msg, category=DeprecationWarning, stacklevel=1)
/home/eduardomizumoto/.pyenv/versions/3.12.8/lib/python3.12/site-packages/airflow/configuration.py:819 DeprecationWarning: The sql_alchemy_conn option in [core] has been moved to the sql_alchemy_conn option in [database] - the old setting has been used, but please update your config.
/home/eduardomizumoto/.pyenv/versions/3.12.8/lib/python3.12/site-packages/airflow/configuration.py:742 DeprecationWarning: The sql_alchemy_conn option in [core] has been moved to the sql_alchemy_conn option in [database] - the old setting has been used, but please update your config.
/home/eduardomizumoto/.pyenv/versions/3.12.8/lib/python3.12/site-packages/airflow/settings.py:209 DeprecationWarning: The sql_alchemy_conn option in [core] has been moved to the sql_alchemy_conn option in [database] - the old setting has been used, but please update your config.
/home/eduardomizumoto/.pyenv/versions/3.12.8/lib/python3.12/site-packages/airflow/config_templates/airflow_local_settings.py:52 DeprecationWarning: The base_log_folder option in [core] has been moved to the base_log_folder option in [logging] - the old setting has been used, but please update your config.
/home/eduardomizumoto/.pyenv/versions/3.12.8/lib/python3.12/site-packages/airflow/models/base.py:75 DeprecationWarning: The sql_alchemy_conn option in [core] has been moved to the sql_alchemy_conn option in [database] - the old setting has been used, but please update your config.
/home/eduardomizumoto/.pyenv/versions/3.12.8/lib/python3.12/site-packages/airflow/settings.py:470 DeprecationWarning: The sql_alchemy_conn option in [core] has been moved to the sql_alchemy_conn option in [database] - the old setting has been used, but please update your config.
/home/eduardomizumoto/.pyenv/versions/3.12.8/lib/python3.12/site-packages/airflow/configuration.py:860 DeprecationWarning: The sql_alchemy_conn option in [core] has been moved to the sql_alchemy_conn option in [database] - the old setting has been used, but please update your config.
/home/eduardomizumoto/.pyenv/versions/3.12.8/lib/python3.12/site-packages/airflow/models/dag.py:541 DeprecationWarning: The dag_concurrency option in [core] has been renamed to max_active_tasks_per_dag - the old setting has been used, but please update your config.
/home/eduardomizumoto/.pyenv/versions/3.12.8/lib/python3.12/site-packages/airflow/models/dag.py:4211 DeprecationWarning: The dag_concurrency option in [core] has been renamed to max_active_tasks_per_dag - the old setting has been used, but please update your config.
/home/eduardomizumoto/.pyenv/versions/3.12.8/lib/python3.12/site-packages/airflow/settings.py:470 DeprecationWarning: The sql_alchemy_conn option in [core] has been moved to the sql_alchemy_conn option in [database] - the old setting has been used, but please update your config.
/home/eduardomizumoto/.pyenv/versions/3.12.8/lib/python3.12/site-packages/airflow/configuration.py:2068: DeprecationWarning: Specifying both AIRFLOW_HOME environment variable and airflow_home in the config file is deprecated. Please use only the AIRFLOW_HOME environment variable and remove the config file entry.
  warnings.warn(msg, category=DeprecationWarning, stacklevel=1)
/home/eduardomizumoto/.pyenv/versions/3.12.8/lib/python3.12/site-packages/airflow/configuration.py:819 DeprecationWarning: The sql_alchemy_conn option in [core] has been moved to the sql_alchemy_conn option in [database] - the old setting has been used, but please update your config.
/home/eduardomizumoto/.pyenv/versions/3.12.8/lib/python3.12/site-packages/airflow/configuration.py:742 DeprecationWarning: The sql_alchemy_conn option in [core] has been moved to the sql_alchemy_conn option in [database] - the old setting has been used, but please update your config.
/home/eduardomizumoto/.pyenv/versions/3.12.8/lib/python3.12/site-packages/airflow/settings.py:209 DeprecationWarning: The sql_alchemy_conn option in [core] has been moved to the sql_alchemy_conn option in [database] - the old setting has been used, but please update your config.
/home/eduardomizumoto/.pyenv/versions/3.12.8/lib/python3.12/site-packages/airflow/config_templates/airflow_local_settings.py:52 DeprecationWarning: The base_log_folder option in [core] has been moved to the base_log_folder option in [logging] - the old setting has been used, but please update your config.
/home/eduardomizumoto/.pyenv/versions/3.12.8/lib/python3.12/site-packages/airflow/models/base.py:75 DeprecationWarning: The sql_alchemy_conn option in [core] has been moved to the sql_alchemy_conn option in [database] - the old setting has been used, but please update your config.
/home/eduardomizumoto/.pyenv/versions/3.12.8/lib/python3.12/site-packages/airflow/settings.py:470 DeprecationWarning: The sql_alchemy_conn option in [core] has been moved to the sql_alchemy_conn option in [database] - the old setting has been used, but please update your config.
/home/eduardomizumoto/.pyenv/versions/3.12.8/lib/python3.12/site-packages/airflow/configuration.py:860 DeprecationWarning: The sql_alchemy_conn option in [core] has been moved to the sql_alchemy_conn option in [database] - the old setting has been used, but please update your config.
/home/eduardomizumoto/.pyenv/versions/3.12.8/lib/python3.12/site-packages/airflow/models/dag.py:541 DeprecationWarning: The dag_concurrency option in [core] has been renamed to max_active_tasks_per_dag - the old setting has been used, but please update your config.
/home/eduardomizumoto/.pyenv/versions/3.12.8/lib/python3.12/site-packages/airflow/models/dag.py:4211 DeprecationWarning: The dag_concurrency option in [core] has been renamed to max_active_tasks_per_dag - the old setting has been used, but please update your config.
/home/eduardomizumoto/.pyenv/versions/3.12.8/lib/python3.12/site-packages/airflow/settings.py:470 DeprecationWarning: The sql_alchemy_conn option in [core] has been moved to the sql_alchemy_conn option in [database] - the old setting has been used, but please update your config.
/home/eduardomizumoto/.pyenv/versions/3.12.8/lib/python3.12/site-packages/airflow/configuration.py:2068: DeprecationWarning: Specifying both AIRFLOW_HOME environment variable and airflow_home in the config file is deprecated. Please use only the AIRFLOW_HOME environment variable and remove the config file entry.
  warnings.warn(msg, category=DeprecationWarning, stacklevel=1)
/home/eduardomizumoto/.pyenv/versions/3.12.8/lib/python3.12/site-packages/airflow/configuration.py:819 DeprecationWarning: The sql_alchemy_conn option in [core] has been moved to the sql_alchemy_conn option in [database] - the old setting has been used, but please update your config.
/home/eduardomizumoto/.pyenv/versions/3.12.8/lib/python3.12/site-packages/airflow/configuration.py:742 DeprecationWarning: The sql_alchemy_conn option in [core] has been moved to the sql_alchemy_conn option in [database] - the old setting has been used, but please update your config.
/home/eduardomizumoto/.pyenv/versions/3.12.8/lib/python3.12/site-packages/airflow/settings.py:209 DeprecationWarning: The sql_alchemy_conn option in [core] has been moved to the sql_alchemy_conn option in [database] - the old setting has been used, but please update your config.
/home/eduardomizumoto/.pyenv/versions/3.12.8/lib/python3.12/site-packages/airflow/config_templates/airflow_local_settings.py:52 DeprecationWarning: The base_log_folder option in [core] has been moved to the base_log_folder option in [logging] - the old setting has been used, but please update your config.
/home/eduardomizumoto/.pyenv/versions/3.12.8/lib/python3.12/site-packages/airflow/models/base.py:75 DeprecationWarning: The sql_alchemy_conn option in [core] has been moved to the sql_alchemy_conn option in [database] - the old setting has been used, but please update your config.
/home/eduardomizumoto/.pyenv/versions/3.12.8/lib/python3.12/site-packages/airflow/settings.py:470 DeprecationWarning: The sql_alchemy_conn option in [core] has been moved to the sql_alchemy_conn option in [database] - the old setting has been used, but please update your config.
/home/eduardomizumoto/.pyenv/versions/3.12.8/lib/python3.12/site-packages/airflow/configuration.py:860 DeprecationWarning: The sql_alchemy_conn option in [core] has been moved to the sql_alchemy_conn option in [database] - the old setting has been used, but please update your config.
/home/eduardomizumoto/.pyenv/versions/3.12.8/lib/python3.12/site-packages/airflow/models/dag.py:541 DeprecationWarning: The dag_concurrency option in [core] has been renamed to max_active_tasks_per_dag - the old setting has been used, but please update your config.
/home/eduardomizumoto/.pyenv/versions/3.12.8/lib/python3.12/site-packages/airflow/models/dag.py:4211 DeprecationWarning: The dag_concurrency option in [core] has been renamed to max_active_tasks_per_dag - the old setting has been used, but please update your config.
/home/eduardomizumoto/.pyenv/versions/3.12.8/lib/python3.12/site-packages/airflow/settings.py:470 DeprecationWarning: The sql_alchemy_conn option in [core] has been moved to the sql_alchemy_conn option in [database] - the old setting has been used, but please update your config.
/home/eduardomizumoto/.pyenv/versions/3.12.8/lib/python3.12/site-packages/airflow/configuration.py:2068: DeprecationWarning: Specifying both AIRFLOW_HOME environment variable and airflow_home in the config file is deprecated. Please use only the AIRFLOW_HOME environment variable and remove the config file entry.
  warnings.warn(msg, category=DeprecationWarning, stacklevel=1)
/home/eduardomizumoto/.pyenv/versions/3.12.8/lib/python3.12/site-packages/airflow/configuration.py:819 DeprecationWarning: The sql_alchemy_conn option in [core] has been moved to the sql_alchemy_conn option in [database] - the old setting has been used, but please update your config.
/home/eduardomizumoto/.pyenv/versions/3.12.8/lib/python3.12/site-packages/airflow/configuration.py:742 DeprecationWarning: The sql_alchemy_conn option in [core] has been moved to the sql_alchemy_conn option in [database] - the old setting has been used, but please update your config.
/home/eduardomizumoto/.pyenv/versions/3.12.8/lib/python3.12/site-packages/airflow/settings.py:209 DeprecationWarning: The sql_alchemy_conn option in [core] has been moved to the sql_alchemy_conn option in [database] - the old setting has been used, but please update your config.
/home/eduardomizumoto/.pyenv/versions/3.12.8/lib/python3.12/site-packages/airflow/config_templates/airflow_local_settings.py:52 DeprecationWarning: The base_log_folder option in [core] has been moved to the base_log_folder option in [logging] - the old setting has been used, but please update your config.
/home/eduardomizumoto/.pyenv/versions/3.12.8/lib/python3.12/site-packages/airflow/models/base.py:75 DeprecationWarning: The sql_alchemy_conn option in [core] has been moved to the sql_alchemy_conn option in [database] - the old setting has been used, but please update your config.
/home/eduardomizumoto/.pyenv/versions/3.12.8/lib/python3.12/site-packages/airflow/settings.py:470 DeprecationWarning: The sql_alchemy_conn option in [core] has been moved to the sql_alchemy_conn option in [database] - the old setting has been used, but please update your config.
/home/eduardomizumoto/.pyenv/versions/3.12.8/lib/python3.12/site-packages/airflow/configuration.py:860 DeprecationWarning: The sql_alchemy_conn option in [core] has been moved to the sql_alchemy_conn option in [database] - the old setting has been used, but please update your config.
/home/eduardomizumoto/.pyenv/versions/3.12.8/lib/python3.12/site-packages/airflow/models/dag.py:541 DeprecationWarning: The dag_concurrency option in [core] has been renamed to max_active_tasks_per_dag - the old setting has been used, but please update your config.
/home/eduardomizumoto/.pyenv/versions/3.12.8/lib/python3.12/site-packages/airflow/models/dag.py:4211 DeprecationWarning: The dag_concurrency option in [core] has been renamed to max_active_tasks_per_dag - the old setting has been used, but please update your config.
/home/eduardomizumoto/.pyenv/versions/3.12.8/lib/python3.12/site-packages/airflow/settings.py:470 DeprecationWarning: The sql_alchemy_conn option in [core] has been moved to the sql_alchemy_conn option in [database] - the old setting has been used, but please update your config.
/home/eduardomizumoto/.pyenv/versions/3.12.8/lib/python3.12/site-packages/airflow/configuration.py:2068: DeprecationWarning: Specifying both AIRFLOW_HOME environment variable and airflow_home in the config file is deprecated. Please use only the AIRFLOW_HOME environment variable and remove the config file entry.
  warnings.warn(msg, category=DeprecationWarning, stacklevel=1)
/home/eduardomizumoto/.pyenv/versions/3.12.8/lib/python3.12/site-packages/airflow/configuration.py:819 DeprecationWarning: The sql_alchemy_conn option in [core] has been moved to the sql_alchemy_conn option in [database] - the old setting has been used, but please update your config.
/home/eduardomizumoto/.pyenv/versions/3.12.8/lib/python3.12/site-packages/airflow/configuration.py:742 DeprecationWarning: The sql_alchemy_conn option in [core] has been moved to the sql_alchemy_conn option in [database] - the old setting has been used, but please update your config.
/home/eduardomizumoto/.pyenv/versions/3.12.8/lib/python3.12/site-packages/airflow/settings.py:209 DeprecationWarning: The sql_alchemy_conn option in [core] has been moved to the sql_alchemy_conn option in [database] - the old setting has been used, but please update your config.
/home/eduardomizumoto/.pyenv/versions/3.12.8/lib/python3.12/site-packages/airflow/config_templates/airflow_local_settings.py:52 DeprecationWarning: The base_log_folder option in [core] has been moved to the base_log_folder option in [logging] - the old setting has been used, but please update your config.
/home/eduardomizumoto/.pyenv/versions/3.12.8/lib/python3.12/site-packages/airflow/models/base.py:75 DeprecationWarning: The sql_alchemy_conn option in [core] has been moved to the sql_alchemy_conn option in [database] - the old setting has been used, but please update your config.
/home/eduardomizumoto/.pyenv/versions/3.12.8/lib/python3.12/site-packages/airflow/settings.py:470 DeprecationWarning: The sql_alchemy_conn option in [core] has been moved to the sql_alchemy_conn option in [database] - the old setting has been used, but please update your config.
/home/eduardomizumoto/.pyenv/versions/3.12.8/lib/python3.12/site-packages/airflow/configuration.py:860 DeprecationWarning: The sql_alchemy_conn option in [core] has been moved to the sql_alchemy_conn option in [database] - the old setting has been used, but please update your config.
/home/eduardomizumoto/.pyenv/versions/3.12.8/lib/python3.12/site-packages/airflow/models/dag.py:541 DeprecationWarning: The dag_concurrency option in [core] has been renamed to max_active_tasks_per_dag - the old setting has been used, but please update your config.
/home/eduardomizumoto/.pyenv/versions/3.12.8/lib/python3.12/site-packages/airflow/models/dag.py:4211 DeprecationWarning: The dag_concurrency option in [core] has been renamed to max_active_tasks_per_dag - the old setting has been used, but please update your config.
/home/eduardomizumoto/.pyenv/versions/3.12.8/lib/python3.12/site-packages/airflow/settings.py:470 DeprecationWarning: The sql_alchemy_conn option in [core] has been moved to the sql_alchemy_conn option in [database] - the old setting has been used, but please update your config.
/home/eduardomizumoto/.pyenv/versions/3.12.8/lib/python3.12/site-packages/airflow/configuration.py:2068: DeprecationWarning: Specifying both AIRFLOW_HOME environment variable and airflow_home in the config file is deprecated. Please use only the AIRFLOW_HOME environment variable and remove the config file entry.
  warnings.warn(msg, category=DeprecationWarning, stacklevel=1)
/home/eduardomizumoto/.pyenv/versions/3.12.8/lib/python3.12/site-packages/airflow/configuration.py:819 DeprecationWarning: The sql_alchemy_conn option in [core] has been moved to the sql_alchemy_conn option in [database] - the old setting has been used, but please update your config.
/home/eduardomizumoto/.pyenv/versions/3.12.8/lib/python3.12/site-packages/airflow/configuration.py:742 DeprecationWarning: The sql_alchemy_conn option in [core] has been moved to the sql_alchemy_conn option in [database] - the old setting has been used, but please update your config.
/home/eduardomizumoto/.pyenv/versions/3.12.8/lib/python3.12/site-packages/airflow/settings.py:209 DeprecationWarning: The sql_alchemy_conn option in [core] has been moved to the sql_alchemy_conn option in [database] - the old setting has been used, but please update your config.
/home/eduardomizumoto/.pyenv/versions/3.12.8/lib/python3.12/site-packages/airflow/config_templates/airflow_local_settings.py:52 DeprecationWarning: The base_log_folder option in [core] has been moved to the base_log_folder option in [logging] - the old setting has been used, but please update your config.
/home/eduardomizumoto/.pyenv/versions/3.12.8/lib/python3.12/site-packages/airflow/models/base.py:75 DeprecationWarning: The sql_alchemy_conn option in [core] has been moved to the sql_alchemy_conn option in [database] - the old setting has been used, but please update your config.
/home/eduardomizumoto/.pyenv/versions/3.12.8/lib/python3.12/site-packages/airflow/settings.py:470 DeprecationWarning: The sql_alchemy_conn option in [core] has been moved to the sql_alchemy_conn option in [database] - the old setting has been used, but please update your config.
/home/eduardomizumoto/.pyenv/versions/3.12.8/lib/python3.12/site-packages/airflow/configuration.py:860 DeprecationWarning: The sql_alchemy_conn option in [core] has been moved to the sql_alchemy_conn option in [database] - the old setting has been used, but please update your config.
/home/eduardomizumoto/.pyenv/versions/3.12.8/lib/python3.12/site-packages/airflow/models/dag.py:541 DeprecationWarning: The dag_concurrency option in [core] has been renamed to max_active_tasks_per_dag - the old setting has been used, but please update your config.
/home/eduardomizumoto/.pyenv/versions/3.12.8/lib/python3.12/site-packages/airflow/models/dag.py:4211 DeprecationWarning: The dag_concurrency option in [core] has been renamed to max_active_tasks_per_dag - the old setting has been used, but please update your config.
/home/eduardomizumoto/.pyenv/versions/3.12.8/lib/python3.12/site-packages/airflow/settings.py:470 DeprecationWarning: The sql_alchemy_conn option in [core] has been moved to the sql_alchemy_conn option in [database] - the old setting has been used, but please update your config.
[2025-12-13 18:51:16 +0000] [72759] [INFO] Handling signal: hup
[2025-12-13 18:51:16 +0000] [72759] [INFO] Hang up: Master
[2025-12-13 18:51:16 +0000] [72759] [ERROR] Worker (pid:72806) was sent SIGHUP!
[2025-12-13 18:51:16 +0000] [72759] [ERROR] Worker (pid:72788) was sent SIGHUP!
[2025-12-13 18:51:16 +0000] [72759] [INFO] Handling signal: term
[2025-12-13 18:51:16 +0000] [106825] [INFO] Booting worker with pid: 106825
[2025-12-13 18:51:16 +0000] [106829] [INFO] Booting worker with pid: 106829
[2025-12-13 18:51:46 +0000] [72759] [INFO] Shutting down: Master
