{"timestamp":"2025-12-16T20:00:35.623245Z","level":"info","event":"DAG bundles loaded: dags-folder, example_dags","logger":"airflow.dag_processing.bundles.manager.DagBundlesManager","filename":"manager.py","lineno":179}
{"timestamp":"2025-12-16T20:00:35.623973Z","level":"info","event":"Filling up the DagBag from /opt/airflow/dags/olist_data_pipeline.py","logger":"airflow.models.dagbag.DagBag","filename":"dagbag.py","lineno":593}
{"timestamp":"2025-12-16T20:00:35.656982Z","level":"info","event":"Task instance is in running state","logger":"task.stdout"}
{"timestamp":"2025-12-16T20:00:35.657222Z","level":"info","event":" Previous state of the Task instance: TaskInstanceState.QUEUED","logger":"task.stdout"}
{"timestamp":"2025-12-16T20:00:35.657365Z","level":"info","event":"Current task name:generate_docs","logger":"task.stdout"}
{"timestamp":"2025-12-16T20:00:35.657445Z","level":"info","event":"Dag name:olist_data_pipeline","logger":"task.stdout"}
{"timestamp":"2025-12-16T20:00:35.658052Z","level":"info","event":"Tmp dir root location: /tmp","logger":"airflow.task.hooks.airflow.providers.standard.hooks.subprocess.SubprocessHook","filename":"subprocess.py","lineno":78}
{"timestamp":"2025-12-16T20:00:35.659322Z","level":"info","event":"Running command: ['/usr/bin/bash', '-c', 'cd /opt/airflow/dbt && dbt docs generate --profiles-dir /opt/airflow/dbt']","logger":"airflow.task.hooks.airflow.providers.standard.hooks.subprocess.SubprocessHook","filename":"subprocess.py","lineno":80}
{"timestamp":"2025-12-16T20:00:35.660122Z","level":"info","event":"Output:","logger":"airflow.task.hooks.airflow.providers.standard.hooks.subprocess.SubprocessHook","filename":"subprocess.py","lineno":92}
{"timestamp":"2025-12-16T20:00:37.724628Z","level":"info","event":"\u001b[0m20:00:37  Running with dbt=1.9.1","logger":"airflow.task.hooks.airflow.providers.standard.hooks.subprocess.SubprocessHook","filename":"subprocess.py","lineno":99}
{"timestamp":"2025-12-16T20:00:40.199171Z","level":"info","event":"\u001b[0m20:00:40  Registered adapter: bigquery=1.9.1","logger":"airflow.task.hooks.airflow.providers.standard.hooks.subprocess.SubprocessHook","filename":"subprocess.py","lineno":99}
{"timestamp":"2025-12-16T20:00:40.655043Z","level":"info","event":"\u001b[0m20:00:40  Found 15 models, 79 data tests, 9 sources, 611 macros","logger":"airflow.task.hooks.airflow.providers.standard.hooks.subprocess.SubprocessHook","filename":"subprocess.py","lineno":99}
{"timestamp":"2025-12-16T20:00:40.661858Z","level":"info","event":"\u001b[0m20:00:40","logger":"airflow.task.hooks.airflow.providers.standard.hooks.subprocess.SubprocessHook","filename":"subprocess.py","lineno":99}
{"timestamp":"2025-12-16T20:00:40.662465Z","level":"info","event":"\u001b[0m20:00:40  Concurrency: 4 threads (target='dev')","logger":"airflow.task.hooks.airflow.providers.standard.hooks.subprocess.SubprocessHook","filename":"subprocess.py","lineno":99}
{"timestamp":"2025-12-16T20:00:40.663058Z","level":"info","event":"\u001b[0m20:00:40","logger":"airflow.task.hooks.airflow.providers.standard.hooks.subprocess.SubprocessHook","filename":"subprocess.py","lineno":99}
{"timestamp":"2025-12-16T20:00:41.840744Z","level":"info","event":"/home/airflow/.local/lib/python3.12/site-packages/dbt/adapters/bigquery/connections.py:570: FutureWarning: job_retry must be explicitly set to None if job_id is set.","logger":"airflow.task.hooks.airflow.providers.standard.hooks.subprocess.SubprocessHook","filename":"subprocess.py","lineno":99}
{"timestamp":"2025-12-16T20:00:41.840907Z","level":"info","event":"BigQuery cannot retry a failed job by using the exact","logger":"airflow.task.hooks.airflow.providers.standard.hooks.subprocess.SubprocessHook","filename":"subprocess.py","lineno":99}
{"timestamp":"2025-12-16T20:00:41.840956Z","level":"info","event":"same ID. Setting job_id without explicitly disabling","logger":"airflow.task.hooks.airflow.providers.standard.hooks.subprocess.SubprocessHook","filename":"subprocess.py","lineno":99}
{"timestamp":"2025-12-16T20:00:41.840995Z","level":"info","event":"job_retry will raise an error in the future. To avoid this","logger":"airflow.task.hooks.airflow.providers.standard.hooks.subprocess.SubprocessHook","filename":"subprocess.py","lineno":99}
{"timestamp":"2025-12-16T20:00:41.841032Z","level":"info","event":"warning, either use job_id_prefix instead (preferred) or","logger":"airflow.task.hooks.airflow.providers.standard.hooks.subprocess.SubprocessHook","filename":"subprocess.py","lineno":99}
{"timestamp":"2025-12-16T20:00:41.841067Z","level":"info","event":"set job_retry=None.","logger":"airflow.task.hooks.airflow.providers.standard.hooks.subprocess.SubprocessHook","filename":"subprocess.py","lineno":99}
{"timestamp":"2025-12-16T20:00:41.841100Z","level":"info","event":"  query_job = client.query(","logger":"airflow.task.hooks.airflow.providers.standard.hooks.subprocess.SubprocessHook","filename":"subprocess.py","lineno":99}
{"timestamp":"2025-12-16T20:00:47.132465Z","level":"info","event":"\u001b[0m20:00:47  Building catalog","logger":"airflow.task.hooks.airflow.providers.standard.hooks.subprocess.SubprocessHook","filename":"subprocess.py","lineno":99}
{"timestamp":"2025-12-16T20:00:47.521930Z","level":"info","event":"/home/airflow/.local/lib/python3.12/site-packages/dbt/adapters/bigquery/connections.py:570: FutureWarning: job_retry must be explicitly set to None if job_id is set.","logger":"airflow.task.hooks.airflow.providers.standard.hooks.subprocess.SubprocessHook","filename":"subprocess.py","lineno":99}
{"timestamp":"2025-12-16T20:00:47.522100Z","level":"info","event":"BigQuery cannot retry a failed job by using the exact","logger":"airflow.task.hooks.airflow.providers.standard.hooks.subprocess.SubprocessHook","filename":"subprocess.py","lineno":99}
{"timestamp":"2025-12-16T20:00:47.522148Z","level":"info","event":"same ID. Setting job_id without explicitly disabling","logger":"airflow.task.hooks.airflow.providers.standard.hooks.subprocess.SubprocessHook","filename":"subprocess.py","lineno":99}
{"timestamp":"2025-12-16T20:00:47.522186Z","level":"info","event":"job_retry will raise an error in the future. To avoid this","logger":"airflow.task.hooks.airflow.providers.standard.hooks.subprocess.SubprocessHook","filename":"subprocess.py","lineno":99}
{"timestamp":"2025-12-16T20:00:47.522223Z","level":"info","event":"warning, either use job_id_prefix instead (preferred) or","logger":"airflow.task.hooks.airflow.providers.standard.hooks.subprocess.SubprocessHook","filename":"subprocess.py","lineno":99}
{"timestamp":"2025-12-16T20:00:47.522256Z","level":"info","event":"set job_retry=None.","logger":"airflow.task.hooks.airflow.providers.standard.hooks.subprocess.SubprocessHook","filename":"subprocess.py","lineno":99}
{"timestamp":"2025-12-16T20:00:47.522288Z","level":"info","event":"  query_job = client.query(","logger":"airflow.task.hooks.airflow.providers.standard.hooks.subprocess.SubprocessHook","filename":"subprocess.py","lineno":99}
{"timestamp":"2025-12-16T20:00:49.550877Z","level":"info","event":"/home/airflow/.local/lib/python3.12/site-packages/agate/type_tester.py:92: RuntimeWarning: \"table_owner\" does not match the name of any column in this table.","logger":"airflow.task.hooks.airflow.providers.standard.hooks.subprocess.SubprocessHook","filename":"subprocess.py","lineno":99}
{"timestamp":"2025-12-16T20:00:49.551054Z","level":"info","event":"  warnings.warn('\"%s\" does not match the name of any column in this table.' % name, RuntimeWarning)","logger":"airflow.task.hooks.airflow.providers.standard.hooks.subprocess.SubprocessHook","filename":"subprocess.py","lineno":99}
{"timestamp":"2025-12-16T20:00:49.610106Z","level":"info","event":"/home/airflow/.local/lib/python3.12/site-packages/dbt/adapters/bigquery/connections.py:570: FutureWarning: job_retry must be explicitly set to None if job_id is set.","logger":"airflow.task.hooks.airflow.providers.standard.hooks.subprocess.SubprocessHook","filename":"subprocess.py","lineno":99}
{"timestamp":"2025-12-16T20:00:49.610267Z","level":"info","event":"BigQuery cannot retry a failed job by using the exact","logger":"airflow.task.hooks.airflow.providers.standard.hooks.subprocess.SubprocessHook","filename":"subprocess.py","lineno":99}
{"timestamp":"2025-12-16T20:00:49.610317Z","level":"info","event":"same ID. Setting job_id without explicitly disabling","logger":"airflow.task.hooks.airflow.providers.standard.hooks.subprocess.SubprocessHook","filename":"subprocess.py","lineno":99}
{"timestamp":"2025-12-16T20:00:49.610356Z","level":"info","event":"job_retry will raise an error in the future. To avoid this","logger":"airflow.task.hooks.airflow.providers.standard.hooks.subprocess.SubprocessHook","filename":"subprocess.py","lineno":99}
{"timestamp":"2025-12-16T20:00:49.610393Z","level":"info","event":"warning, either use job_id_prefix instead (preferred) or","logger":"airflow.task.hooks.airflow.providers.standard.hooks.subprocess.SubprocessHook","filename":"subprocess.py","lineno":99}
{"timestamp":"2025-12-16T20:00:49.610426Z","level":"info","event":"set job_retry=None.","logger":"airflow.task.hooks.airflow.providers.standard.hooks.subprocess.SubprocessHook","filename":"subprocess.py","lineno":99}
{"timestamp":"2025-12-16T20:00:49.610459Z","level":"info","event":"  query_job = client.query(","logger":"airflow.task.hooks.airflow.providers.standard.hooks.subprocess.SubprocessHook","filename":"subprocess.py","lineno":99}
{"timestamp":"2025-12-16T20:00:49.615149Z","level":"info","event":"/home/airflow/.local/lib/python3.12/site-packages/agate/type_tester.py:92: RuntimeWarning: \"table_owner\" does not match the name of any column in this table.","logger":"airflow.task.hooks.airflow.providers.standard.hooks.subprocess.SubprocessHook","filename":"subprocess.py","lineno":99}
{"timestamp":"2025-12-16T20:00:49.615324Z","level":"info","event":"  warnings.warn('\"%s\" does not match the name of any column in this table.' % name, RuntimeWarning)","logger":"airflow.task.hooks.airflow.providers.standard.hooks.subprocess.SubprocessHook","filename":"subprocess.py","lineno":99}
{"timestamp":"2025-12-16T20:00:49.816187Z","level":"info","event":"/home/airflow/.local/lib/python3.12/site-packages/agate/type_tester.py:92: RuntimeWarning: \"table_owner\" does not match the name of any column in this table.","logger":"airflow.task.hooks.airflow.providers.standard.hooks.subprocess.SubprocessHook","filename":"subprocess.py","lineno":99}
{"timestamp":"2025-12-16T20:00:49.816345Z","level":"info","event":"  warnings.warn('\"%s\" does not match the name of any column in this table.' % name, RuntimeWarning)","logger":"airflow.task.hooks.airflow.providers.standard.hooks.subprocess.SubprocessHook","filename":"subprocess.py","lineno":99}
{"timestamp":"2025-12-16T20:00:50.041870Z","level":"info","event":"/home/airflow/.local/lib/python3.12/site-packages/agate/type_tester.py:92: RuntimeWarning: \"table_owner\" does not match the name of any column in this table.","logger":"airflow.task.hooks.airflow.providers.standard.hooks.subprocess.SubprocessHook","filename":"subprocess.py","lineno":99}
{"timestamp":"2025-12-16T20:00:50.042037Z","level":"info","event":"  warnings.warn('\"%s\" does not match the name of any column in this table.' % name, RuntimeWarning)","logger":"airflow.task.hooks.airflow.providers.standard.hooks.subprocess.SubprocessHook","filename":"subprocess.py","lineno":99}
{"timestamp":"2025-12-16T20:00:51.774152Z","level":"info","event":"/home/airflow/.local/lib/python3.12/site-packages/agate/type_tester.py:92: RuntimeWarning: \"table_owner\" does not match the name of any column in this table.","logger":"airflow.task.hooks.airflow.providers.standard.hooks.subprocess.SubprocessHook","filename":"subprocess.py","lineno":99}
{"timestamp":"2025-12-16T20:00:51.774355Z","level":"info","event":"  warnings.warn('\"%s\" does not match the name of any column in this table.' % name, RuntimeWarning)","logger":"airflow.task.hooks.airflow.providers.standard.hooks.subprocess.SubprocessHook","filename":"subprocess.py","lineno":99}
{"timestamp":"2025-12-16T20:00:52.289517Z","level":"info","event":"\u001b[0m20:00:52  Catalog written to /opt/airflow/dbt/target/catalog.json","logger":"airflow.task.hooks.airflow.providers.standard.hooks.subprocess.SubprocessHook","filename":"subprocess.py","lineno":99}
{"timestamp":"2025-12-16T20:00:53.081277Z","level":"info","event":"Command exited with return code 0","logger":"airflow.task.hooks.airflow.providers.standard.hooks.subprocess.SubprocessHook","filename":"subprocess.py","lineno":103}
{"timestamp":"2025-12-16T20:00:53.082001Z","level":"info","event":"Pushing xcom","ti":"RuntimeTaskInstance(id=UUID('019b28bb-c15d-7a6c-a5f2-860d67e24351'), task_id='generate_docs', dag_id='olist_data_pipeline', run_id='manual__2025-12-16T19:56:58+00:00', try_number=1, dag_version_id=UUID('019b24bb-03ad-747b-b2de-db1e9d7a1132'), map_index=-1, hostname='25d9d5793907', context_carrier={}, task=<Task(BashOperator): generate_docs>, bundle_instance=LocalDagBundle(name=dags-folder), max_tries=2, start_date=datetime.datetime(2025, 12, 16, 20, 0, 35, 270638, tzinfo=datetime.timezone.utc), end_date=None, state=<TaskInstanceState.RUNNING: 'running'>, is_mapped=False, rendered_map_index=None)","logger":"task","filename":"task_runner.py","lineno":1370}
{"timestamp":"2025-12-16T20:00:53.109577Z","level":"info","event":"Task instance in success state","logger":"task.stdout"}
{"timestamp":"2025-12-16T20:00:53.109753Z","level":"info","event":" Previous state of the Task instance: TaskInstanceState.RUNNING","logger":"task.stdout"}
{"timestamp":"2025-12-16T20:00:53.109908Z","level":"info","event":"Task operator:<Task(BashOperator): generate_docs>","logger":"task.stdout"}
