{"timestamp":"2025-12-16T01:13:05.275392Z","level":"info","event":"DAG bundles loaded: dags-folder, example_dags","logger":"airflow.dag_processing.bundles.manager.DagBundlesManager","filename":"manager.py","lineno":179}
{"timestamp":"2025-12-16T01:13:05.276054Z","level":"info","event":"Filling up the DagBag from /opt/airflow/dags/olist_data_pipeline.py","logger":"airflow.models.dagbag.DagBag","filename":"dagbag.py","lineno":593}
{"timestamp":"2025-12-16T01:13:05.307849Z","level":"info","event":"Task instance is in running state","logger":"task.stdout"}
{"timestamp":"2025-12-16T01:13:05.308044Z","level":"info","event":" Previous state of the Task instance: TaskInstanceState.QUEUED","logger":"task.stdout"}
{"timestamp":"2025-12-16T01:13:05.308175Z","level":"info","event":"Current task name:dbt_deps","logger":"task.stdout"}
{"timestamp":"2025-12-16T01:13:05.308256Z","level":"info","event":"Dag name:olist_data_pipeline","logger":"task.stdout"}
{"timestamp":"2025-12-16T01:13:05.308781Z","level":"info","event":"Tmp dir root location: /tmp","logger":"airflow.task.hooks.airflow.providers.standard.hooks.subprocess.SubprocessHook","filename":"subprocess.py","lineno":78}
{"timestamp":"2025-12-16T01:13:05.309949Z","level":"info","event":"Running command: ['/usr/bin/bash', '-c', 'cd /opt/airflow/dbt && dbt deps --profiles-dir /opt/airflow/dbt']","logger":"airflow.task.hooks.airflow.providers.standard.hooks.subprocess.SubprocessHook","filename":"subprocess.py","lineno":80}
{"timestamp":"2025-12-16T01:13:05.310662Z","level":"info","event":"Output:","logger":"airflow.task.hooks.airflow.providers.standard.hooks.subprocess.SubprocessHook","filename":"subprocess.py","lineno":92}
{"timestamp":"2025-12-16T01:13:07.482745Z","level":"info","event":"\u001b[0m01:13:07  Running with dbt=1.9.1","logger":"airflow.task.hooks.airflow.providers.standard.hooks.subprocess.SubprocessHook","filename":"subprocess.py","lineno":99}
{"timestamp":"2025-12-16T01:13:07.861396Z","level":"info","event":"\u001b[0m01:13:07  Installing dbt-labs/dbt_utils","logger":"airflow.task.hooks.airflow.providers.standard.hooks.subprocess.SubprocessHook","filename":"subprocess.py","lineno":99}
{"timestamp":"2025-12-16T01:13:08.061164Z","level":"info","event":"\u001b[0m01:13:08  Installed from version 1.3.0","logger":"airflow.task.hooks.airflow.providers.standard.hooks.subprocess.SubprocessHook","filename":"subprocess.py","lineno":99}
{"timestamp":"2025-12-16T01:13:08.061533Z","level":"info","event":"\u001b[0m01:13:08  Updated version available: 1.3.3","logger":"airflow.task.hooks.airflow.providers.standard.hooks.subprocess.SubprocessHook","filename":"subprocess.py","lineno":99}
{"timestamp":"2025-12-16T01:13:08.062527Z","level":"info","event":"\u001b[0m01:13:08","logger":"airflow.task.hooks.airflow.providers.standard.hooks.subprocess.SubprocessHook","filename":"subprocess.py","lineno":99}
{"timestamp":"2025-12-16T01:13:08.062947Z","level":"info","event":"\u001b[0m01:13:08  Updates available for packages: ['dbt-labs/dbt_utils']","logger":"airflow.task.hooks.airflow.providers.standard.hooks.subprocess.SubprocessHook","filename":"subprocess.py","lineno":99}
{"timestamp":"2025-12-16T01:13:08.063030Z","level":"info","event":"Update your versions in packages.yml, then run dbt deps","logger":"airflow.task.hooks.airflow.providers.standard.hooks.subprocess.SubprocessHook","filename":"subprocess.py","lineno":99}
{"timestamp":"2025-12-16T01:13:08.486436Z","level":"info","event":"Command exited with return code 0","logger":"airflow.task.hooks.airflow.providers.standard.hooks.subprocess.SubprocessHook","filename":"subprocess.py","lineno":103}
{"timestamp":"2025-12-16T01:13:08.487076Z","level":"info","event":"Pushing xcom","ti":"RuntimeTaskInstance(id=UUID('019b24b3-6d6b-7486-8880-88f7002e9f12'), task_id='dbt_deps', dag_id='olist_data_pipeline', run_id='manual__2025-12-16T01:09:21+00:00', try_number=1, dag_version_id=UUID('019b24b2-db3e-7319-b503-c9235676aff0'), map_index=-1, hostname='167c6d6830bc', context_carrier={}, task=<Task(BashOperator): dbt_deps>, bundle_instance=LocalDagBundle(name=dags-folder), max_tries=2, start_date=datetime.datetime(2025, 12, 16, 1, 13, 4, 913918, tzinfo=datetime.timezone.utc), end_date=None, state=<TaskInstanceState.RUNNING: 'running'>, is_mapped=False, rendered_map_index=None)","logger":"task","filename":"task_runner.py","lineno":1370}
{"timestamp":"2025-12-16T01:13:08.513511Z","level":"info","event":"Task instance in success state","logger":"task.stdout"}
{"timestamp":"2025-12-16T01:13:08.513659Z","level":"info","event":" Previous state of the Task instance: TaskInstanceState.RUNNING","logger":"task.stdout"}
{"timestamp":"2025-12-16T01:13:08.513839Z","level":"info","event":"Task operator:<Task(BashOperator): dbt_deps>","logger":"task.stdout"}
